
 /----------------------------------------------------------------------------\
 |  yosys -- Yosys Open SYnthesis Suite                                       |
 |  Copyright (C) 2012 - 2026  Claire Xenia Wolf <claire@yosyshq.com>         |
 |  Distributed under an ISC-like license, type "license" to see terms        |
 \----------------------------------------------------------------------------/
 Yosys 0.62 (git sha1 7326bb7d6641500ecb285c291a54a662cb1e76cf, clang++ 21.1.2 -fPIC -O3)

1. Executing Liberty frontend: /Users/rein/.ciel/ciel/sky130/versions/8afc8346a57fe1ab7934ba5a6056ea8b43078e71/sky130A/libs.ref/sky130_fd_sc_hd/lib/sky130_fd_sc_hd__tt_025C_1v80.lib
Imported 428 cell types from liberty file.
[INFO] Using SDC file '/Users/rein/projects/htax-verify/impl/runs/RUN_2026-05-15_19-07-52/06-yosys-synthesis/synthesis.abc.sdc' for ABC…wtaf

2. Executing Verilog-2005 frontend: ../rtl/htax.sv
Parsing SystemVerilog input from `../rtl/htax.sv' to AST representation.
Storing AST representation for module `$abstract\htax'.
Successfully finished Verilog frontend.

3. Executing HIERARCHY pass (managing design hierarchy).

4. Executing AST frontend in derive mode using pre-parsed AST for module `\htax'.
Generating RTLIL representation for module `\htax'.

4.1. Analyzing design hierarchy..
Top module:  \htax

4.2. Analyzing design hierarchy..
Top module:  \htax
Removing unused module `$abstract\htax'.
Removed 1 unused modules.
Renaming module htax to htax.

5. Executing ATTRMAP pass (move or copy attributes).

6. Executing TRIBUF pass.

7. Executing HIERARCHY pass (managing design hierarchy).

7.1. Analyzing design hierarchy..
Top module:  \htax

7.2. Analyzing design hierarchy..
Top module:  \htax
Removed 0 unused modules.

8. Executing PROC_CLEAN pass (remove empty switches from decision trees).
Cleaned up 0 empty switches.

9. Executing PROC_RMDEAD pass (remove dead branches from decision trees).
Removed 1 dead cases from process $proc$../rtl/htax.sv:30$6 in module htax.
Marked 2 switch rules as full_case in process $proc$../rtl/htax.sv:30$6 in module htax.
Removed a total of 1 dead cases.

10. Executing PROC_PRUNE pass (remove redundant assignments in processes).
Removed 0 redundant assignments.
Promoted 0 assignments to connections.

11. Executing PROC_INIT pass (extract init attributes).

12. Executing PROC_ARST pass (detect async resets in processes).
Found async reset \rst_n in `\htax.$proc$../rtl/htax.sv:30$6'.

13. Executing PROC_ROM pass (convert switches to ROMs).
Converted 0 switches.
<suppressed ~3 debug messages>

14. Executing PROC_MUX pass (convert decision trees to multiplexers).
Creating decoders for process `\htax.$proc$../rtl/htax.sv:30$6'.
     1/4: $0\credit_count[3:0]
     2/4: $0\rx_valid_q[0:0]
     3/4: $0\rx_data_q[31:0]
     4/4: $0\state[0:0]

15. Executing PROC_DLATCH pass (convert process syncs to latches).

16. Executing PROC_DFF pass (convert process syncs to FFs).
Creating register for signal `\htax.\state' using process `\htax.$proc$../rtl/htax.sv:30$6'.
  created $adff cell `$procdff$38' with positive edge clock and positive level reset.
Creating register for signal `\htax.\rx_data_q' using process `\htax.$proc$../rtl/htax.sv:30$6'.
  created $adff cell `$procdff$43' with positive edge clock and positive level reset.
Creating register for signal `\htax.\rx_valid_q' using process `\htax.$proc$../rtl/htax.sv:30$6'.
  created $adff cell `$procdff$48' with positive edge clock and positive level reset.
Creating register for signal `\htax.\credit_count' using process `\htax.$proc$../rtl/htax.sv:30$6'.
  created $adff cell `$procdff$53' with positive edge clock and positive level reset.

17. Executing PROC_MEMWR pass (convert process memory writes to cells).

18. Executing PROC_CLEAN pass (remove empty switches from decision trees).
Found and cleaned up 3 empty switches in `\htax.$proc$../rtl/htax.sv:30$6'.
Removing empty process `htax.$proc$../rtl/htax.sv:30$6'.
Cleaned up 3 empty switches.

19. Executing CHECK pass (checking for obvious problems).
Checking module htax...
Found and reported 0 problems.

20. Executing OPT_EXPR pass (perform const folding).
Optimizing module htax.
<suppressed ~18 debug messages>

21. Executing FLATTEN pass (flatten design).

22. Executing OPT_EXPR pass (perform const folding).
Optimizing module htax.

23. Executing OPT_CLEAN pass (remove unused cells and wires).
Finding unused cells or wires in module \htax..
Removed 7 unused cells and 26 unused wires.
<suppressed ~9 debug messages>

24. Executing OPT_EXPR pass (perform const folding).
Optimizing module htax.

25. Executing OPT_MERGE pass (detect identical cells).
Finding identical cells in module `\htax'.
Computing hashes of 24 cells of `\htax'.
Finding duplicate cells in `\htax'.
Computing hashes of 21 cells of `\htax'.
Finding duplicate cells in `\htax'.
<suppressed ~9 debug messages>
Removed a total of 3 cells.

26. Executing OPT_MUXTREE pass (detect dead branches in mux trees).
Running muxtree optimizer on module \htax..
  Creating internal representation of mux trees.
  Evaluating internal representation of mux trees.
      Replacing known input bits on port A of cell $procmux$29: \state -> 1'0
      Replacing known input bits on port A of cell $procmux$31: \state -> 1'0
  Analyzing evaluation results.
Removed 0 multiplexer ports.
<suppressed ~13 debug messages>

27. Executing OPT_REDUCE pass (consolidate $*mux and $reduce_* inputs).
  Optimizing cells in module \htax.
    New ctrl vector for $pmux cell $procmux$29: $eq$../rtl/htax.sv:26$2_Y
  Optimizing cells in module \htax.
Performed a total of 1 changes.

28. Executing OPT_MERGE pass (detect identical cells).
Finding identical cells in module `\htax'.
Computing hashes of 21 cells of `\htax'.
Finding duplicate cells in `\htax'.
Removed a total of 0 cells.

29. Executing OPT_DFF pass (perform DFF optimizations).

30. Executing OPT_CLEAN pass (remove unused cells and wires).
Finding unused cells or wires in module \htax..
Removed 0 unused cells and 3 unused wires.
<suppressed ~1 debug messages>

31. Executing OPT_EXPR pass (perform const folding).
Optimizing module htax.
<suppressed ~1 debug messages>

32. Rerunning OPT passes. (Maybe there is more to do…)

33. Executing OPT_MUXTREE pass (detect dead branches in mux trees).
Running muxtree optimizer on module \htax..
  Creating internal representation of mux trees.
  Evaluating internal representation of mux trees.
  Analyzing evaluation results.
Removed 0 multiplexer ports.
<suppressed ~13 debug messages>

34. Executing OPT_REDUCE pass (consolidate $*mux and $reduce_* inputs).
  Optimizing cells in module \htax.
Performed a total of 0 changes.

35. Executing OPT_MERGE pass (detect identical cells).
Finding identical cells in module `\htax'.
Computing hashes of 21 cells of `\htax'.
Finding duplicate cells in `\htax'.
Removed a total of 0 cells.

36. Executing OPT_DFF pass (perform DFF optimizations).

37. Executing OPT_CLEAN pass (remove unused cells and wires).
Finding unused cells or wires in module \htax..

38. Executing OPT_EXPR pass (perform const folding).
Optimizing module htax.

39. Executing FSM pass (extract and optimize FSM).

39.1. Executing FSM_DETECT pass (finding FSMs in design).

39.2. Executing FSM_EXTRACT pass (extracting FSM from design).

39.3. Executing FSM_OPT pass (simple optimizations of FSMs).

39.4. Executing OPT_CLEAN pass (remove unused cells and wires).
Finding unused cells or wires in module \htax..

39.5. Executing FSM_OPT pass (simple optimizations of FSMs).

39.6. Executing FSM_RECODE pass (re-assigning FSM state encoding).

39.7. Executing FSM_INFO pass (dumping all available information on FSM cells).

39.8. Executing FSM_MAP pass (mapping FSMs to basic logic).

40. Executing OPT_EXPR pass (perform const folding).
Optimizing module htax.

41. Executing OPT_MERGE pass (detect identical cells).
Finding identical cells in module `\htax'.
Computing hashes of 21 cells of `\htax'.
Finding duplicate cells in `\htax'.
Removed a total of 0 cells.

42. Executing OPT_MUXTREE pass (detect dead branches in mux trees).
Running muxtree optimizer on module \htax..
  Creating internal representation of mux trees.
  Evaluating internal representation of mux trees.
  Analyzing evaluation results.
Removed 0 multiplexer ports.
<suppressed ~13 debug messages>

43. Executing OPT_REDUCE pass (consolidate $*mux and $reduce_* inputs).
  Optimizing cells in module \htax.
Performed a total of 0 changes.

44. Executing OPT_MERGE pass (detect identical cells).
Finding identical cells in module `\htax'.
Computing hashes of 21 cells of `\htax'.
Finding duplicate cells in `\htax'.
Removed a total of 0 cells.

45. Executing OPT_DFF pass (perform DFF optimizations).
Adding EN signal on $procdff$53 ($adff) from module htax (D = $0\credit_count[3:0], Q = \credit_count).
Adding EN signal on $procdff$48 ($adff) from module htax (D = $0\rx_valid_q[0:0], Q = \rx_valid_q).
Adding EN signal on $procdff$43 ($adff) from module htax (D = \tx_data, Q = \rx_data_q).

46. Executing OPT_CLEAN pass (remove unused cells and wires).
Finding unused cells or wires in module \htax..
Removed 2 unused cells and 2 unused wires.
<suppressed ~3 debug messages>

47. Executing OPT_EXPR pass (perform const folding).
Optimizing module htax.
<suppressed ~5 debug messages>

48. Rerunning OPT passes. (Maybe there is more to do…)

49. Executing OPT_MUXTREE pass (detect dead branches in mux trees).
Running muxtree optimizer on module \htax..
  Creating internal representation of mux trees.
  Evaluating internal representation of mux trees.
  Analyzing evaluation results.
Removed 0 multiplexer ports.
<suppressed ~10 debug messages>

50. Executing OPT_REDUCE pass (consolidate $*mux and $reduce_* inputs).
  Optimizing cells in module \htax.
    New input vector for $reduce_and cell $auto$opt_dff.cc:252:make_patterns_logic$62: { $auto$opt_dff.cc:234:make_patterns_logic$57 $auto$opt_dff.cc:234:make_patterns_logic$59 }
  Optimizing cells in module \htax.
Performed a total of 1 changes.

51. Executing OPT_MERGE pass (detect identical cells).
Finding identical cells in module `\htax'.
Computing hashes of 25 cells of `\htax'.
Finding duplicate cells in `\htax'.
Computing hashes of 23 cells of `\htax'.
Finding duplicate cells in `\htax'.
<suppressed ~6 debug messages>
Removed a total of 2 cells.

52. Executing OPT_DFF pass (perform DFF optimizations).

53. Executing OPT_CLEAN pass (remove unused cells and wires).
Finding unused cells or wires in module \htax..
Removed 0 unused cells and 5 unused wires.
<suppressed ~1 debug messages>

54. Executing OPT_EXPR pass (perform const folding).
Optimizing module htax.

55. Rerunning OPT passes. (Maybe there is more to do…)

56. Executing OPT_MUXTREE pass (detect dead branches in mux trees).
Running muxtree optimizer on module \htax..
  Creating internal representation of mux trees.
  Evaluating internal representation of mux trees.
  Analyzing evaluation results.
Removed 0 multiplexer ports.
<suppressed ~10 debug messages>

57. Executing OPT_REDUCE pass (consolidate $*mux and $reduce_* inputs).
  Optimizing cells in module \htax.
Performed a total of 0 changes.

58. Executing OPT_MERGE pass (detect identical cells).
Finding identical cells in module `\htax'.
Computing hashes of 23 cells of `\htax'.
Finding duplicate cells in `\htax'.
Removed a total of 0 cells.

59. Executing OPT_DFF pass (perform DFF optimizations).

60. Executing OPT_CLEAN pass (remove unused cells and wires).
Finding unused cells or wires in module \htax..

61. Executing OPT_EXPR pass (perform const folding).
Optimizing module htax.

62. Executing WREDUCE pass (reducing word size of cells).
Removed top 1 bits (of 2) from port B of cell htax.$auto$opt_dff.cc:235:make_patterns_logic$58 ($ne).
Removed top 3 bits (of 4) from port B of cell htax.$sub$../rtl/htax.sv:42$8 ($sub).
Removed top 3 bits (of 4) from port B of cell htax.$add$../rtl/htax.sv:50$10 ($add).

63. Executing PEEPOPT pass (run peephole optimizers).

64. Executing OPT_CLEAN pass (remove unused cells and wires).
Finding unused cells or wires in module \htax..

65. Executing ALUMACC pass (create $alu and $macc cells).
Extracting $alu and $macc cells in module htax:
  creating $macc model for $add$../rtl/htax.sv:50$10 ($add).
  creating $macc model for $sub$../rtl/htax.sv:42$8 ($sub).
  creating $alu model for $macc $sub$../rtl/htax.sv:42$8.
  creating $alu model for $macc $add$../rtl/htax.sv:50$10.
  creating $alu model for $lt$../rtl/htax.sv:49$9 ($lt): new $alu
  creating $alu cell for $lt$../rtl/htax.sv:49$9: $auto$alumacc.cc:512:replace_alu$76
  creating $alu cell for $add$../rtl/htax.sv:50$10: $auto$alumacc.cc:512:replace_alu$81
  creating $alu cell for $sub$../rtl/htax.sv:42$8: $auto$alumacc.cc:512:replace_alu$84
  created 3 $alu and 0 $macc cells.

66. Executing SHARE pass (SAT-based resource sharing).

67. Executing OPT_EXPR pass (perform const folding).
Optimizing module htax.
<suppressed ~1 debug messages>

68. Executing OPT_MERGE pass (detect identical cells).
Finding identical cells in module `\htax'.
Computing hashes of 24 cells of `\htax'.
Finding duplicate cells in `\htax'.
Removed a total of 0 cells.

69. Executing OPT_MUXTREE pass (detect dead branches in mux trees).
Running muxtree optimizer on module \htax..
  Creating internal representation of mux trees.
  Evaluating internal representation of mux trees.
  Analyzing evaluation results.
Removed 0 multiplexer ports.
<suppressed ~10 debug messages>

70. Executing OPT_REDUCE pass (consolidate $*mux and $reduce_* inputs).
  Optimizing cells in module \htax.
Performed a total of 0 changes.

71. Executing OPT_MERGE pass (detect identical cells).
Finding identical cells in module `\htax'.
Computing hashes of 24 cells of `\htax'.
Finding duplicate cells in `\htax'.
Removed a total of 0 cells.

72. Executing OPT_DFF pass (perform DFF optimizations).

73. Executing OPT_CLEAN pass (remove unused cells and wires).
Finding unused cells or wires in module \htax..
Removed 0 unused cells and 1 unused wires.
<suppressed ~1 debug messages>

74. Executing OPT_EXPR pass (perform const folding).
Optimizing module htax.

75. Rerunning OPT passes. (Maybe there is more to do…)

76. Executing OPT_MUXTREE pass (detect dead branches in mux trees).
Running muxtree optimizer on module \htax..
  Creating internal representation of mux trees.
  Evaluating internal representation of mux trees.
  Analyzing evaluation results.
Removed 0 multiplexer ports.
<suppressed ~10 debug messages>

77. Executing OPT_REDUCE pass (consolidate $*mux and $reduce_* inputs).
  Optimizing cells in module \htax.
Performed a total of 0 changes.

78. Executing OPT_MERGE pass (detect identical cells).
Finding identical cells in module `\htax'.
Computing hashes of 24 cells of `\htax'.
Finding duplicate cells in `\htax'.
Removed a total of 0 cells.

79. Executing OPT_DFF pass (perform DFF optimizations).

80. Executing OPT_CLEAN pass (remove unused cells and wires).
Finding unused cells or wires in module \htax..

81. Executing OPT_EXPR pass (perform const folding).
Optimizing module htax.

82. Executing MEMORY pass.

82.1. Executing OPT_MEM pass (optimize memories).
Performed a total of 0 transformations.

82.2. Executing OPT_MEM_PRIORITY pass (removing unnecessary memory write priority relations).
Performed a total of 0 transformations.

82.3. Executing OPT_MEM_FEEDBACK pass (finding memory read-to-write feedback paths).

82.4. Executing MEMORY_BMUX2ROM pass (converting muxes to ROMs).

82.5. Executing MEMORY_DFF pass (merging $dff cells to $memrd).

82.6. Executing OPT_CLEAN pass (remove unused cells and wires).
Finding unused cells or wires in module \htax..

82.7. Executing MEMORY_SHARE pass (consolidating $memrd/$memwr cells).

82.8. Executing OPT_MEM_WIDEN pass (optimize memories where all ports are wide).
Performed a total of 0 transformations.

82.9. Executing OPT_CLEAN pass (remove unused cells and wires).
Finding unused cells or wires in module \htax..

82.10. Executing MEMORY_COLLECT pass (generating $mem cells).

83. Executing OPT_CLEAN pass (remove unused cells and wires).
Finding unused cells or wires in module \htax..

84. Executing OPT_EXPR pass (perform const folding).
Optimizing module htax.
<suppressed ~7 debug messages>

85. Executing OPT_MERGE pass (detect identical cells).
Finding identical cells in module `\htax'.
Computing hashes of 23 cells of `\htax'.
Finding duplicate cells in `\htax'.
Removed a total of 0 cells.

86. Executing OPT_DFF pass (perform DFF optimizations).

87. Executing OPT_CLEAN pass (remove unused cells and wires).
Finding unused cells or wires in module \htax..
Removed 3 unused cells and 7 unused wires.
<suppressed ~4 debug messages>

88. Executing MEMORY_MAP pass (converting memories to logic and flip-flops).

89. Executing OPT_EXPR pass (perform const folding).
Optimizing module htax.
<suppressed ~1 debug messages>

90. Executing OPT_MERGE pass (detect identical cells).
Finding identical cells in module `\htax'.
Computing hashes of 20 cells of `\htax'.
Finding duplicate cells in `\htax'.
Computing hashes of 19 cells of `\htax'.
Finding duplicate cells in `\htax'.
<suppressed ~3 debug messages>
Removed a total of 1 cells.

91. Executing OPT_MUXTREE pass (detect dead branches in mux trees).
Running muxtree optimizer on module \htax..
  Creating internal representation of mux trees.
  Evaluating internal representation of mux trees.
  Analyzing evaluation results.
Removed 0 multiplexer ports.
<suppressed ~4 debug messages>

92. Executing OPT_REDUCE pass (consolidate $*mux and $reduce_* inputs).
  Optimizing cells in module \htax.
Performed a total of 0 changes.

93. Executing OPT_MERGE pass (detect identical cells).
Finding identical cells in module `\htax'.
Computing hashes of 19 cells of `\htax'.
Finding duplicate cells in `\htax'.
Removed a total of 0 cells.

94. Executing OPT_SHARE pass.
    Found cells that share an operand and can be merged by moving the $mux $procmux$14 in front of them:
        $auto$alumacc.cc:512:replace_alu$81
        $auto$alumacc.cc:512:replace_alu$84

95. Executing OPT_DFF pass (perform DFF optimizations).

96. Executing OPT_CLEAN pass (remove unused cells and wires).
Finding unused cells or wires in module \htax..
Removed 0 unused cells and 7 unused wires.
<suppressed ~1 debug messages>

97. Executing OPT_EXPR pass (perform const folding).
Optimizing module htax.
<suppressed ~2 debug messages>

98. Rerunning OPT passes. (Maybe there is more to do…)

99. Executing OPT_MUXTREE pass (detect dead branches in mux trees).
Running muxtree optimizer on module \htax..
  Creating internal representation of mux trees.
  Evaluating internal representation of mux trees.
  Analyzing evaluation results.
Removed 0 multiplexer ports.
<suppressed ~4 debug messages>

100. Executing OPT_REDUCE pass (consolidate $*mux and $reduce_* inputs).
  Optimizing cells in module \htax.
    Consolidated identical input bits for $mux cell $auto$opt_share.cc:244:merge_operators$96:
      Old ports: A=4'1111, B=4'0001, Y=$auto$rtlil.cc:3472:Mux$97
      New ports: A=1'1, B=1'0, Y=$auto$rtlil.cc:3472:Mux$97 [1]
      New connections: { $auto$rtlil.cc:3472:Mux$97 [3:2] $auto$rtlil.cc:3472:Mux$97 [0] } = { $auto$rtlil.cc:3472:Mux$97 [1] $auto$rtlil.cc:3472:Mux$97 [1] 1'1 }
  Optimizing cells in module \htax.
Performed a total of 1 changes.

101. Executing OPT_MERGE pass (detect identical cells).
Finding identical cells in module `\htax'.
Computing hashes of 18 cells of `\htax'.
Finding duplicate cells in `\htax'.
Removed a total of 0 cells.

102. Executing OPT_SHARE pass.

103. Executing OPT_DFF pass (perform DFF optimizations).

104. Executing OPT_CLEAN pass (remove unused cells and wires).
Finding unused cells or wires in module \htax..
Removed 0 unused cells and 2 unused wires.
<suppressed ~1 debug messages>

105. Executing OPT_EXPR pass (perform const folding).
Optimizing module htax.
<suppressed ~1 debug messages>

106. Rerunning OPT passes. (Maybe there is more to do…)

107. Executing OPT_MUXTREE pass (detect dead branches in mux trees).
Running muxtree optimizer on module \htax..
  Creating internal representation of mux trees.
  Evaluating internal representation of mux trees.
  Analyzing evaluation results.
Removed 0 multiplexer ports.
<suppressed ~2 debug messages>

108. Executing OPT_REDUCE pass (consolidate $*mux and $reduce_* inputs).
  Optimizing cells in module \htax.
Performed a total of 0 changes.

109. Executing OPT_MERGE pass (detect identical cells).
Finding identical cells in module `\htax'.
Computing hashes of 18 cells of `\htax'.
Finding duplicate cells in `\htax'.
Computing hashes of 17 cells of `\htax'.
Finding duplicate cells in `\htax'.
<suppressed ~3 debug messages>
Removed a total of 1 cells.

110. Executing OPT_SHARE pass.

111. Executing OPT_DFF pass (perform DFF optimizations).

112. Executing OPT_CLEAN pass (remove unused cells and wires).
Finding unused cells or wires in module \htax..
Removed 0 unused cells and 1 unused wires.
<suppressed ~1 debug messages>

113. Executing OPT_EXPR pass (perform const folding).
Optimizing module htax.

114. Rerunning OPT passes. (Maybe there is more to do…)

115. Executing OPT_MUXTREE pass (detect dead branches in mux trees).
Running muxtree optimizer on module \htax..
  Creating internal representation of mux trees.
  Evaluating internal representation of mux trees.
  Analyzing evaluation results.
Removed 0 multiplexer ports.
<suppressed ~2 debug messages>

116. Executing OPT_REDUCE pass (consolidate $*mux and $reduce_* inputs).
  Optimizing cells in module \htax.
Performed a total of 0 changes.

117. Executing OPT_MERGE pass (detect identical cells).
Finding identical cells in module `\htax'.
Computing hashes of 17 cells of `\htax'.
Finding duplicate cells in `\htax'.
Removed a total of 0 cells.

118. Executing OPT_SHARE pass.

119. Executing OPT_DFF pass (perform DFF optimizations).

120. Executing OPT_CLEAN pass (remove unused cells and wires).
Finding unused cells or wires in module \htax..

121. Executing OPT_EXPR pass (perform const folding).
Optimizing module htax.

122. Executing TECHMAP pass (map to technology primitives).

122.1. Executing Verilog-2005 frontend: /nix/store/6s5yppv17pwkdm7m8rsrm6hvpf255c5a-yosys-with-plugins-0.62/bin/../share/yosys/techmap.v
Parsing Verilog input from `/nix/store/6s5yppv17pwkdm7m8rsrm6hvpf255c5a-yosys-with-plugins-0.62/bin/../share/yosys/techmap.v' to AST representation.
Generating RTLIL representation for module `\_90_simplemap_bool_ops'.
Generating RTLIL representation for module `\_90_simplemap_reduce_ops'.
Generating RTLIL representation for module `\_90_simplemap_logic_ops'.
Generating RTLIL representation for module `\_90_simplemap_compare_ops'.
Generating RTLIL representation for module `\_90_simplemap_various'.
Generating RTLIL representation for module `\_90_simplemap_registers'.
Generating RTLIL representation for module `\_90_shift_ops_shr_shl_sshl_sshr'.
Generating RTLIL representation for module `\_90_shift_shiftx'.
Generating RTLIL representation for module `\_90_fa'.
Generating RTLIL representation for module `\_90_lcu_brent_kung'.
Generating RTLIL representation for module `\_90_alu'.
Generating RTLIL representation for module `\_90_macc'.
Generating RTLIL representation for module `\_90_alumacc'.
Generating RTLIL representation for module `$__div_mod_u'.
Generating RTLIL representation for module `$__div_mod_trunc'.
Generating RTLIL representation for module `\_90_div'.
Generating RTLIL representation for module `\_90_mod'.
Generating RTLIL representation for module `$__div_mod_floor'.
Generating RTLIL representation for module `\_90_divfloor'.
Generating RTLIL representation for module `\_90_modfloor'.
Generating RTLIL representation for module `\_90_pow'.
Generating RTLIL representation for module `\_90_pmux'.
Generating RTLIL representation for module `\_90_demux'.
Generating RTLIL representation for module `\_90_lut'.
Generating RTLIL representation for module `$connect'.
Generating RTLIL representation for module `$input_port'.
Successfully finished Verilog frontend.

122.2. Continuing TECHMAP pass.
Using template $paramod$740b056ede97228d3eae64ea2fdc81f0a33e0fe7\_90_alu for cells of type $alu.
Using extmapper simplemap for cells of type $not.
Using template $paramod$fc972a7a46956c1788f3cb5257b53c8f1df2d0cc\_90_alu for cells of type $alu.
Using extmapper simplemap for cells of type $reduce_and.
Using extmapper simplemap for cells of type $adffe.
Using extmapper simplemap for cells of type $ne.
Using extmapper simplemap for cells of type $logic_and.
Using extmapper simplemap for cells of type $reduce_bool.
Using extmapper simplemap for cells of type $mux.
Using extmapper simplemap for cells of type $adff.
Using extmapper simplemap for cells of type $xor.
Using template $paramod\_90_fa\WIDTH=32'00000000000000000000000000000100 for cells of type $fa.
Using template $paramod\_90_lcu_brent_kung\WIDTH=32'00000000000000000000000000000100 for cells of type $lcu.
Using extmapper simplemap for cells of type $pos.
Using template $paramod\_90_fa\WIDTH=32'00000000000000000000000000000001 for cells of type $fa.
Using template $paramod\_90_lcu_brent_kung\WIDTH=32'00000000000000000000000000000001 for cells of type $lcu.
Using extmapper simplemap for cells of type $or.
Using extmapper simplemap for cells of type $and.
No more expansions possible.
<suppressed ~410 debug messages>

123. Executing OPT_EXPR pass (perform const folding).
Optimizing module htax.
<suppressed ~38 debug messages>

124. Executing OPT_MERGE pass (detect identical cells).
Finding identical cells in module `\htax'.
Computing hashes of 76 cells of `\htax'.
Finding duplicate cells in `\htax'.
Computing hashes of 72 cells of `\htax'.
Finding duplicate cells in `\htax'.
<suppressed ~12 debug messages>
Removed a total of 4 cells.

125. Executing OPT_DFF pass (perform DFF optimizations).

126. Executing OPT_CLEAN pass (remove unused cells and wires).
Finding unused cells or wires in module \htax..
Removed 8 unused cells and 96 unused wires.
<suppressed ~9 debug messages>

127. Executing OPT_EXPR pass (perform const folding).
Optimizing module htax.

128. Executing OPT_MERGE pass (detect identical cells).
Finding identical cells in module `\htax'.
Computing hashes of 64 cells of `\htax'.
Finding duplicate cells in `\htax'.
Removed a total of 0 cells.

129. Executing OPT_DFF pass (perform DFF optimizations).

130. Executing OPT_CLEAN pass (remove unused cells and wires).
Finding unused cells or wires in module \htax..

131. Executing ABC pass (technology mapping using ABC).

131.1. Extracting gate netlist of module `\htax' to `<abc-temp-dir>/input.blif'..

131.1.1. Executed ABC.
Extracted 26 gates and 34 wires to a netlist network with 7 inputs and 10 outputs.
Running ABC script: <abc-temp-dir>/abc.script
ABC: ======== ABC command line "source <abc-temp-dir>/abc.script"
ABC: + read_blif <abc-temp-dir>/input.blif 
ABC: + read_library /tmp/yosys-abc-za6Rrs/stdcells.genlib 
ABC: + strash 
ABC: + dretime 
ABC: + map 
ABC: + write_blif <abc-temp-dir>/output.blif 

131.1.2. Re-integrating ABC results.
ABC RESULTS:               AND cells:        1
ABC RESULTS:            ANDNOT cells:        9
ABC RESULTS:               MUX cells:        1
ABC RESULTS:               NOR cells:        1
ABC RESULTS:               NOT cells:        3
ABC RESULTS:                OR cells:        2
ABC RESULTS:             ORNOT cells:        2
ABC RESULTS:              XNOR cells:        2
ABC RESULTS:               XOR cells:        4
ABC RESULTS:        internal signals:       17
ABC RESULTS:           input signals:        7
ABC RESULTS:          output signals:       10
Removing temp directory.
Removing global temp directory.

132. Executing OPT pass (performing simple optimizations).

132.1. Executing OPT_EXPR pass (perform const folding).
Optimizing module htax.

132.2. Executing OPT_MERGE pass (detect identical cells).
Finding identical cells in module `\htax'.
Computing hashes of 63 cells of `\htax'.
Finding duplicate cells in `\htax'.
Computing hashes of 62 cells of `\htax'.
Finding duplicate cells in `\htax'.
<suppressed ~3 debug messages>
Removed a total of 1 cells.

132.3. Executing OPT_DFF pass (perform DFF optimizations).

132.4. Executing OPT_CLEAN pass (remove unused cells and wires).
Finding unused cells or wires in module \htax..
Removed 0 unused cells and 28 unused wires.
<suppressed ~2 debug messages>

132.5. Finished fast OPT passes.

133. Executing HIERARCHY pass (managing design hierarchy).

133.1. Analyzing design hierarchy..
Top module:  \htax

133.2. Analyzing design hierarchy..
Top module:  \htax
Removed 0 unused modules.

134. Executing CHECK pass (checking for obvious problems).
Checking module htax...
Found and reported 0 problems.

135. Printing statistics.

=== htax ===

        +----------Local Count, excluding submodules.
        | 
       33 wires
      140 wire bits
       12 public wires
      110 public wire bits
        8 ports
       72 port bits
       62 cells
        8   $_ANDNOT_
        1   $_AND_
       36   $_DFFE_PN0P_
        1   $_DFFE_PN1P_
        1   $_DFF_PN0_
        1   $_MUX_
        1   $_NOR_
        3   $_NOT_
        2   $_ORNOT_
        2   $_OR_
        2   $_XNOR_
        4   $_XOR_

136. Executing OPT pass (performing simple optimizations).

136.1. Executing OPT_EXPR pass (perform const folding).
Optimizing module htax.

136.2. Executing OPT_MERGE pass (detect identical cells).
Finding identical cells in module `\htax'.
Computing hashes of 62 cells of `\htax'.
Finding duplicate cells in `\htax'.
Removed a total of 0 cells.

136.3. Executing OPT_MUXTREE pass (detect dead branches in mux trees).
Running muxtree optimizer on module \htax..
  Creating internal representation of mux trees.
  No muxes found in this module.
Removed 0 multiplexer ports.

136.4. Executing OPT_REDUCE pass (consolidate $*mux and $reduce_* inputs).
  Optimizing cells in module \htax.
Performed a total of 0 changes.

136.5. Executing OPT_MERGE pass (detect identical cells).
Finding identical cells in module `\htax'.
Computing hashes of 62 cells of `\htax'.
Finding duplicate cells in `\htax'.
Removed a total of 0 cells.

136.6. Executing OPT_DFF pass (perform DFF optimizations).

136.7. Executing OPT_CLEAN pass (remove unused cells and wires).
Finding unused cells or wires in module \htax..

136.8. Executing OPT_EXPR pass (perform const folding).
Optimizing module htax.

136.9. Finished fast OPT passes. (There is nothing left to do.)

137. Executing OPT_CLEAN pass (remove unused cells and wires).
Finding unused cells or wires in module \htax..
Removed 0 unused cells and 2 unused wires.
<suppressed ~2 debug messages>
{
   "creator": "Yosys 0.62 (git sha1 7326bb7d6641500ecb285c291a54a662cb1e76cf, clang++ 21.1.2 -fPIC -O3)",
   "invocation": "stat -json -liberty /Users/rein/projects/htax-verify/impl/runs/RUN_2026-05-15_19-07-52/tmp/a571f2424c7c46e8922e3a66bc2904a8.lib ",
   "modules": {
      "\\htax": {
         "num_wires":         31,
         "num_wire_bits":     107,
         "num_pub_wires":     10,
         "num_pub_wire_bits": 77,
         "num_ports":         8,
         "num_port_bits":     72,
         "num_memories":      0,
         "num_memory_bits":   0,
         "num_processes":     0,
         "num_cells":         62,
         "num_submodules":       0,
         "num_cells_by_type": {
            "$_ANDNOT_": 8,
            "$_AND_": 1,
            "$_DFFE_PN0P_": 36,
            "$_DFFE_PN1P_": 1,
            "$_DFF_PN0_": 1,
            "$_MUX_": 1,
            "$_NOR_": 1,
            "$_NOT_": 3,
            "$_ORNOT_": 2,
            "$_OR_": 2,
            "$_XNOR_": 2,
            "$_XOR_": 4
         }
      }
   },
      "design": {
         "num_wires":         31,
         "num_wire_bits":     107,
         "num_pub_wires":     10,
         "num_pub_wire_bits": 77,
         "num_ports":         8,
         "num_port_bits":     72,
         "num_memories":      0,
         "num_memory_bits":   0,
         "num_processes":     0,
         "num_cells":         62,
         "num_submodules":       0,
         "num_cells_by_type": {
            "$_ANDNOT_": 8,
            "$_AND_": 1,
            "$_DFFE_PN0P_": 36,
            "$_DFFE_PN1P_": 1,
            "$_DFF_PN0_": 1,
            "$_MUX_": 1,
            "$_NOR_": 1,
            "$_NOT_": 3,
            "$_ORNOT_": 2,
            "$_OR_": 2,
            "$_XNOR_": 2,
            "$_XOR_": 4
         }
      }
}

138. Printing statistics.

=== htax ===

        +----------Local Count, excluding submodules.
        | 
       31 wires
      107 wire bits
       10 public wires
       77 public wire bits
        8 ports
       72 port bits
       62 cells
        8   $_ANDNOT_
        1   $_AND_
       36   $_DFFE_PN0P_
        1   $_DFFE_PN1P_
        1   $_DFF_PN0_
        1   $_MUX_
        1   $_NOR_
        3   $_NOT_
        2   $_ORNOT_
        2   $_OR_
        2   $_XNOR_
        4   $_XOR_

   Area for cell type $_ANDNOT_ is unknown!
   Area for cell type $_AND_ is unknown!
   Area for cell type $_DFFE_PN0P_ is unknown!
   Area for cell type $_DFFE_PN1P_ is unknown!
   Area for cell type $_DFF_PN0_ is unknown!
   Area for cell type $_MUX_ is unknown!
   Area for cell type $_NOR_ is unknown!
   Area for cell type $_NOT_ is unknown!
   Area for cell type $_ORNOT_ is unknown!
   Area for cell type $_OR_ is unknown!
   Area for cell type $_XNOR_ is unknown!
   Area for cell type $_XOR_ is unknown!

[INFO] Applying tri-state buffer mapping from '/Users/rein/.ciel/ciel/sky130/versions/8afc8346a57fe1ab7934ba5a6056ea8b43078e71/sky130A/libs.tech/openlane/sky130_fd_sc_hd/tribuff_map.v'…

139. Executing TECHMAP pass (map to technology primitives).

139.1. Executing Verilog-2005 frontend: /Users/rein/.ciel/ciel/sky130/versions/8afc8346a57fe1ab7934ba5a6056ea8b43078e71/sky130A/libs.tech/openlane/sky130_fd_sc_hd/tribuff_map.v
Parsing Verilog input from `/Users/rein/.ciel/ciel/sky130/versions/8afc8346a57fe1ab7934ba5a6056ea8b43078e71/sky130A/libs.tech/openlane/sky130_fd_sc_hd/tribuff_map.v' to AST representation.
Generating RTLIL representation for module `$_TBUF_'.
Successfully finished Verilog frontend.

139.2. Continuing TECHMAP pass.
No more expansions possible.
<suppressed ~3 debug messages>

140. Executing SIMPLEMAP pass (map simple cells to gate primitives).
[INFO] Applying latch mapping from '/Users/rein/.ciel/ciel/sky130/versions/8afc8346a57fe1ab7934ba5a6056ea8b43078e71/sky130A/libs.tech/openlane/sky130_fd_sc_hd/latch_map.v'…

141. Executing TECHMAP pass (map to technology primitives).

141.1. Executing Verilog-2005 frontend: /Users/rein/.ciel/ciel/sky130/versions/8afc8346a57fe1ab7934ba5a6056ea8b43078e71/sky130A/libs.tech/openlane/sky130_fd_sc_hd/latch_map.v
Parsing Verilog input from `/Users/rein/.ciel/ciel/sky130/versions/8afc8346a57fe1ab7934ba5a6056ea8b43078e71/sky130A/libs.tech/openlane/sky130_fd_sc_hd/latch_map.v' to AST representation.
Generating RTLIL representation for module `$_DLATCH_P_'.
Generating RTLIL representation for module `$_DLATCH_N_'.
Successfully finished Verilog frontend.

141.2. Continuing TECHMAP pass.
No more expansions possible.
<suppressed ~4 debug messages>

142. Executing SIMPLEMAP pass (map simple cells to gate primitives).

143. Executing DFFLIBMAP pass (mapping DFF cells to sequential cells from liberty file).
  cell sky130_fd_sc_hd__dfxtp_2 (noninv, pins=3, area=21.27) is a direct match for cell type $_DFF_P_.
  cell sky130_fd_sc_hd__dfrtp_2 (noninv, pins=4, area=26.28) is a direct match for cell type $_DFF_PN0_.
  cell sky130_fd_sc_hd__dfstp_2 (noninv, pins=4, area=26.28) is a direct match for cell type $_DFF_PN1_.
  cell sky130_fd_sc_hd__dfbbn_2 (noninv, pins=6, area=35.03) is a direct match for cell type $_DFFSR_NNN_.
  final dff cell mappings:
    unmapped dff cell: $_DFF_N_
    \sky130_fd_sc_hd__dfxtp_2 _DFF_P_ (.CLK( C), .D( D), .Q( Q));
    unmapped dff cell: $_DFF_NN0_
    unmapped dff cell: $_DFF_NN1_
    unmapped dff cell: $_DFF_NP0_
    unmapped dff cell: $_DFF_NP1_
    \sky130_fd_sc_hd__dfrtp_2 _DFF_PN0_ (.CLK( C), .D( D), .Q( Q), .RESET_B( R));
    \sky130_fd_sc_hd__dfstp_2 _DFF_PN1_ (.CLK( C), .D( D), .Q( Q), .SET_B( R));
    unmapped dff cell: $_DFF_PP0_
    unmapped dff cell: $_DFF_PP1_
    unmapped dff cell: $_DFFE_NN_
    unmapped dff cell: $_DFFE_NP_
    unmapped dff cell: $_DFFE_PN_
    unmapped dff cell: $_DFFE_PP_
    \sky130_fd_sc_hd__dfbbn_2 _DFFSR_NNN_ (.CLK_N( C), .D( D), .Q( Q), .Q_N(~Q), .RESET_B( R), .SET_B( S));
    unmapped dff cell: $_DFFSR_NNP_
    unmapped dff cell: $_DFFSR_NPN_
    unmapped dff cell: $_DFFSR_NPP_
    unmapped dff cell: $_DFFSR_PNN_
    unmapped dff cell: $_DFFSR_PNP_
    unmapped dff cell: $_DFFSR_PPN_
    unmapped dff cell: $_DFFSR_PPP_

143.1. Executing DFFLEGALIZE pass (convert FFs to types supported by the target).
Mapping DFF cells in module `\htax':
  mapped 37 $_DFF_PN0_ cells to \sky130_fd_sc_hd__dfrtp_2 cells.
  mapped 1 $_DFF_PN1_ cells to \sky130_fd_sc_hd__dfstp_2 cells.
{
   "creator": "Yosys 0.62 (git sha1 7326bb7d6641500ecb285c291a54a662cb1e76cf, clang++ 21.1.2 -fPIC -O3)",
   "invocation": "stat -json -liberty /Users/rein/projects/htax-verify/impl/runs/RUN_2026-05-15_19-07-52/tmp/a571f2424c7c46e8922e3a66bc2904a8.lib ",
   "modules": {
      "\\htax": {
         "num_wires":         68,
         "num_wire_bits":     144,
         "num_pub_wires":     10,
         "num_pub_wire_bits": 77,
         "num_ports":         8,
         "num_port_bits":     72,
         "num_memories":      0,
         "num_memory_bits":   0,
         "num_processes":     0,
         "num_cells":         99,
         "num_submodules":       0,
         "area":              998.457600,
         "sequential_area":    998.457600,
         "num_cells_by_type": {
            "$_ANDNOT_": 8,
            "$_AND_": 1,
            "$_MUX_": 38,
            "$_NOR_": 1,
            "$_NOT_": 3,
            "$_ORNOT_": 2,
            "$_OR_": 2,
            "$_XNOR_": 2,
            "$_XOR_": 4,
            "sky130_fd_sc_hd__dfrtp_2": 37,
            "sky130_fd_sc_hd__dfstp_2": 1
         }
      }
   },
      "design": {
         "num_wires":         68,
         "num_wire_bits":     144,
         "num_pub_wires":     10,
         "num_pub_wire_bits": 77,
         "num_ports":         8,
         "num_port_bits":     72,
         "num_memories":      0,
         "num_memory_bits":   0,
         "num_processes":     0,
         "num_cells":         99,
         "num_submodules":       0,
         "area":              998.457600,
         "sequential_area":    998.457600,
         "num_cells_by_type": {
            "$_ANDNOT_": 8,
            "$_AND_": 1,
            "$_MUX_": 38,
            "$_NOR_": 1,
            "$_NOT_": 3,
            "$_ORNOT_": 2,
            "$_OR_": 2,
            "$_XNOR_": 2,
            "$_XOR_": 4,
            "sky130_fd_sc_hd__dfrtp_2": 37,
            "sky130_fd_sc_hd__dfstp_2": 1
         }
      }
}

144. Printing statistics.

=== htax ===

        +----------Local Count, excluding submodules.
        |        +-Local Area, excluding submodules.
        |        | 
       68        - wires
      144        - wire bits
       10        - public wires
       77        - public wire bits
        8        - ports
       72        - port bits
       99  998.458 cells
        8        -   $_ANDNOT_
        1        -   $_AND_
       38        -   $_MUX_
        1        -   $_NOR_
        3        -   $_NOT_
        2        -   $_ORNOT_
        2        -   $_OR_
        2        -   $_XNOR_
        4        -   $_XOR_
       37  972.182   sky130_fd_sc_hd__dfrtp_2
        1   26.275   sky130_fd_sc_hd__dfstp_2

   Area for cell type $_ANDNOT_ is unknown!
   Area for cell type $_AND_ is unknown!
   Area for cell type $_MUX_ is unknown!
   Area for cell type $_NOR_ is unknown!
   Area for cell type $_NOT_ is unknown!
   Area for cell type $_ORNOT_ is unknown!
   Area for cell type $_OR_ is unknown!
   Area for cell type $_XNOR_ is unknown!
   Area for cell type $_XOR_ is unknown!

   Chip area for module '\htax': 998.457600
     of which used for sequential elements: 998.457600 (100.00%)

[INFO] Using generated ABC script '/Users/rein/projects/htax-verify/impl/runs/RUN_2026-05-15_19-07-52/06-yosys-synthesis/AREA_0.abc'…

145. Executing ABC pass (technology mapping using ABC).

145.1. Extracting gate netlist of module `\htax' to `/tmp/yosys-abc-50jbLo/input.blif'..

145.1.1. Executed ABC.
Extracted 61 gates and 133 wires to a netlist network with 72 inputs and 39 outputs.
Running ABC script: /tmp/yosys-abc-50jbLo/abc.script
ABC: ======== ABC command line "source /tmp/yosys-abc-50jbLo/abc.script"
ABC: + read_blif /tmp/yosys-abc-50jbLo/input.blif 
ABC: + read_lib -w /Users/rein/projects/htax-verify/impl/runs/RUN_2026-05-15_19-07-52/tmp/a571f2424c7c46e8922e3a66bc2904a8.lib 
ABC: Parsing finished successfully.  Parsing time =     0.02 sec
ABC: Scl_LibertyReadGenlib() skipped sequential cell "sky130_fd_sc_hd__dfbbn_2".
ABC: Scl_LibertyReadGenlib() skipped sequential cell "sky130_fd_sc_hd__dfrbp_2".
ABC: Scl_LibertyReadGenlib() skipped sequential cell "sky130_fd_sc_hd__dfrtp_2".
ABC: Scl_LibertyReadGenlib() skipped sequential cell "sky130_fd_sc_hd__dfrtp_4".
ABC: Scl_LibertyReadGenlib() skipped sequential cell "sky130_fd_sc_hd__dfsbp_2".
ABC: Scl_LibertyReadGenlib() skipped sequential cell "sky130_fd_sc_hd__dfstp_2".
ABC: Scl_LibertyReadGenlib() skipped sequential cell "sky130_fd_sc_hd__dfstp_4".
ABC: Scl_LibertyReadGenlib() skipped sequential cell "sky130_fd_sc_hd__dfxbp_2".
ABC: Scl_LibertyReadGenlib() skipped sequential cell "sky130_fd_sc_hd__dfxtp_2".
ABC: Scl_LibertyReadGenlib() skipped sequential cell "sky130_fd_sc_hd__dfxtp_4".
ABC: Scl_LibertyReadGenlib() skipped sequential cell "sky130_fd_sc_hd__dlxtn_1".
ABC: Scl_LibertyReadGenlib() skipped sequential cell "sky130_fd_sc_hd__dlxtn_2".
ABC: Scl_LibertyReadGenlib() skipped sequential cell "sky130_fd_sc_hd__dlxtn_4".
ABC: Scl_LibertyReadGenlib() skipped sequential cell "sky130_fd_sc_hd__dlxtp_1".
ABC: Scl_LibertyReadGenlib() skipped three-state cell "sky130_fd_sc_hd__ebufn_2".
ABC: Scl_LibertyReadGenlib() skipped three-state cell "sky130_fd_sc_hd__ebufn_4".
ABC: Scl_LibertyReadGenlib() skipped three-state cell "sky130_fd_sc_hd__ebufn_8".
ABC: Library "sky130_fd_sc_hd__tt_025C_1v80" from "/Users/rein/projects/htax-verify/impl/runs/RUN_2026-05-15_19-07-52/tmp/a571f2424c7c46e8922e3a66bc2904a8.lib" has 175 cells (17 skipped: 14 seq; 3 tri-state; 0 no func; 0 dont_use; 0 with 2 outputs; 0 with 3+ outputs).  Time =     0.03 sec
ABC: Memory =    9.54 MB. Time =     0.03 sec
ABC: Warning: Detected 2 multi-output cells (for example, "sky130_fd_sc_hd__fa_1").
ABC: + read_constr -v /Users/rein/projects/htax-verify/impl/runs/RUN_2026-05-15_19-07-52/06-yosys-synthesis/synthesis.abc.sdc 
ABC: Setting driving cell to be "sky130_fd_sc_hd__inv_2/Y".
ABC: Setting output load to be 33.442001.
ABC: + source /Users/rein/projects/htax-verify/impl/runs/RUN_2026-05-15_19-07-52/06-yosys-synthesis/AREA_0.abc 
ABC: Error: The network is combinational.
ABC: Cannot find the default PI driving cell (sky130_fd_sc_hd__inv_2/Y) in the library.
ABC: WireLoad = "none"  Gates =     55 (  5.5 %)   Cap = 13.6 ff ( 17.0 %)   Area =      591.82 ( 30.9 %)   Delay =  2210.67 ps  ( 12.7 %)               
ABC: Path  0 --       1 : 0    3 pi                      A =   0.00  Df =   0.0   -0.0 ps  S =   0.0 ps  Cin =  0.0 ff  Cout =  15.2 ff  Cmax =   0.0 ff  G =    0  
ABC: Path  1 --     115 : 4    1 sky130_fd_sc_hd__or4_2  A =   8.76  Df = 629.5 -548.5 ps  S =  91.6 ps  Cin =  1.5 ff  Cout =   1.6 ff  Cmax = 310.4 ff  G =  101  
ABC: Path  2 --     116 : 3    2 sky130_fd_sc_hd__and3_2 A =   7.51  Df = 937.8 -568.4 ps  S = 189.0 ps  Cin =  1.5 ff  Cout =  35.0 ff  Cmax = 309.5 ff  G = 2351  
ABC: Path  3 --     117 : 2   36 sky130_fd_sc_hd__and2_2 A =   7.51  Df =1412.9 -352.9 ps  S = 766.6 ps  Cin =  1.5 ff  Cout = 153.0 ff  Cmax = 303.0 ff  G =10182  
ABC: Path  4 --     151 : 3    4 sky130_fd_sc_hd__a21o_2 A =   8.76  Df =1746.2 -457.4 ps  S = 104.3 ps  Cin =  2.4 ff  Cout =  17.3 ff  Cmax = 309.5 ff  G =  714  
ABC: Path  5 --     156 : 3    1 sky130_fd_sc_hd__mux2_1 A =  11.26  Df =2210.7 -516.1 ps  S = 300.0 ps  Cin =  2.3 ff  Cout =  33.4 ff  Cmax = 173.0 ff  G = 1465  
ABC: Start-point = pi0 (\credit_count [0]).  End-point = po36 ($auto$rtlil.cc:3583:MuxGate$435).
ABC: netlist                       : i/o =   72/   39  lat =    0  nd =    55  edge =    150  area =591.83  delay = 5.00  lev = 5
ABC: + write_blif /tmp/yosys-abc-50jbLo/output.blif 

145.1.2. Re-integrating ABC results.
ABC RESULTS:   sky130_fd_sc_hd__a21o_2 cells:        2
ABC RESULTS:   sky130_fd_sc_hd__a2bb2o_2 cells:        1
ABC RESULTS:   sky130_fd_sc_hd__and2_2 cells:        2
ABC RESULTS:   sky130_fd_sc_hd__and3_2 cells:        1
ABC RESULTS:   sky130_fd_sc_hd__inv_2 cells:        3
ABC RESULTS:   sky130_fd_sc_hd__mux2_1 cells:       34
ABC RESULTS:   sky130_fd_sc_hd__nand2b_2 cells:        1
ABC RESULTS:   sky130_fd_sc_hd__nor2_2 cells:        2
ABC RESULTS:   sky130_fd_sc_hd__o21a_2 cells:        1
ABC RESULTS:   sky130_fd_sc_hd__o21ba_2 cells:        1
ABC RESULTS:   sky130_fd_sc_hd__or4_2 cells:        1
ABC RESULTS:   sky130_fd_sc_hd__xnor2_2 cells:        5
ABC RESULTS:   sky130_fd_sc_hd__xor2_2 cells:        1
ABC RESULTS:        internal signals:       22
ABC RESULTS:           input signals:       72
ABC RESULTS:          output signals:       39
Removing temp directory.
Removing global temp directory.

146. Executing SETUNDEF pass (replace undef values with defined constants).

147. Executing HILOMAP pass (mapping to constant drivers).

148. Executing SPLITNETS pass (splitting up multi-bit signals).

149. Executing OPT_CLEAN pass (remove unused cells and wires).
Finding unused cells or wires in module \htax..
Removed 1 unused cells and 141 unused wires.
<suppressed ~2 debug messages>

150. Executing INSBUF pass (insert buffer cells for connected wires).

151. Executing CHECK pass (checking for obvious problems).
Checking module htax...
Found and reported 0 problems.
{
   "creator": "Yosys 0.62 (git sha1 7326bb7d6641500ecb285c291a54a662cb1e76cf, clang++ 21.1.2 -fPIC -O3)",
   "invocation": "stat -json -liberty /Users/rein/projects/htax-verify/impl/runs/RUN_2026-05-15_19-07-52/tmp/a571f2424c7c46e8922e3a66bc2904a8.lib ",
   "modules": {
      "\\htax": {
         "num_wires":         67,
         "num_wire_bits":     131,
         "num_pub_wires":     13,
         "num_pub_wire_bits": 77,
         "num_ports":         8,
         "num_port_bits":     72,
         "num_memories":      0,
         "num_memory_bits":   0,
         "num_processes":     0,
         "num_cells":         93,
         "num_submodules":       0,
         "area":              1590.275200,
         "sequential_area":    998.457600,
         "num_cells_by_type": {
            "sky130_fd_sc_hd__a21o_2": 2,
            "sky130_fd_sc_hd__a2bb2o_2": 1,
            "sky130_fd_sc_hd__and2_2": 2,
            "sky130_fd_sc_hd__and3_2": 1,
            "sky130_fd_sc_hd__dfrtp_2": 37,
            "sky130_fd_sc_hd__dfstp_2": 1,
            "sky130_fd_sc_hd__inv_2": 3,
            "sky130_fd_sc_hd__mux2_1": 34,
            "sky130_fd_sc_hd__nand2b_2": 1,
            "sky130_fd_sc_hd__nor2_2": 2,
            "sky130_fd_sc_hd__o21a_2": 1,
            "sky130_fd_sc_hd__o21ba_2": 1,
            "sky130_fd_sc_hd__or4_2": 1,
            "sky130_fd_sc_hd__xnor2_2": 5,
            "sky130_fd_sc_hd__xor2_2": 1
         }
      }
   },
      "design": {
         "num_wires":         67,
         "num_wire_bits":     131,
         "num_pub_wires":     13,
         "num_pub_wire_bits": 77,
         "num_ports":         8,
         "num_port_bits":     72,
         "num_memories":      0,
         "num_memory_bits":   0,
         "num_processes":     0,
         "num_cells":         93,
         "num_submodules":       0,
         "area":              1590.275200,
         "sequential_area":    998.457600,
         "num_cells_by_type": {
            "sky130_fd_sc_hd__a21o_2": 2,
            "sky130_fd_sc_hd__a2bb2o_2": 1,
            "sky130_fd_sc_hd__and2_2": 2,
            "sky130_fd_sc_hd__and3_2": 1,
            "sky130_fd_sc_hd__dfrtp_2": 37,
            "sky130_fd_sc_hd__dfstp_2": 1,
            "sky130_fd_sc_hd__inv_2": 3,
            "sky130_fd_sc_hd__mux2_1": 34,
            "sky130_fd_sc_hd__nand2b_2": 1,
            "sky130_fd_sc_hd__nor2_2": 2,
            "sky130_fd_sc_hd__o21a_2": 1,
            "sky130_fd_sc_hd__o21ba_2": 1,
            "sky130_fd_sc_hd__or4_2": 1,
            "sky130_fd_sc_hd__xnor2_2": 5,
            "sky130_fd_sc_hd__xor2_2": 1
         }
      }
}

152. Printing statistics.

=== htax ===

        +----------Local Count, excluding submodules.
        |        +-Local Area, excluding submodules.
        |        | 
       67        - wires
      131        - wire bits
       13        - public wires
       77        - public wire bits
        8        - ports
       72        - port bits
       93 1.59E+03 cells
        2   17.517   sky130_fd_sc_hd__a21o_2
        1   11.261   sky130_fd_sc_hd__a2bb2o_2
        2   15.014   sky130_fd_sc_hd__and2_2
        1    7.507   sky130_fd_sc_hd__and3_2
       37  972.182   sky130_fd_sc_hd__dfrtp_2
        1   26.275   sky130_fd_sc_hd__dfstp_2
        3   11.261   sky130_fd_sc_hd__inv_2
       34  382.867   sky130_fd_sc_hd__mux2_1
        1    8.758   sky130_fd_sc_hd__nand2b_2
        2   12.512   sky130_fd_sc_hd__nor2_2
        1    8.758   sky130_fd_sc_hd__o21a_2
        1    10.01   sky130_fd_sc_hd__o21ba_2
        1    8.758   sky130_fd_sc_hd__or4_2
        5   81.328   sky130_fd_sc_hd__xnor2_2
        1   16.266   sky130_fd_sc_hd__xor2_2

   Chip area for module '\htax': 1590.275200
     of which used for sequential elements: 998.457600 (62.79%)

153. Executing Verilog backend.
Dumping module `\htax'.

154. Executing JSON backend.
