Reading technology LEF file at '/Users/rein/.ciel/ciel/sky130/versions/8afc8346a57fe1ab7934ba5a6056ea8b43078e71/sky130A/libs.ref/sky130_fd_sc_hd/techlef/sky130_fd_sc_hd__min.tlef'…
[INFO ODB-0227] LEF file: /Users/rein/.ciel/ciel/sky130/versions/8afc8346a57fe1ab7934ba5a6056ea8b43078e71/sky130A/libs.ref/sky130_fd_sc_hd/techlef/sky130_fd_sc_hd__min.tlef, created 14 layers, 25 vias
Reading cell LEF file at '/Users/rein/.ciel/ciel/sky130/versions/8afc8346a57fe1ab7934ba5a6056ea8b43078e71/sky130A/libs.ref/sky130_fd_sc_hd/lef/sky130_ef_sc_hd.lef'…
[WARNING ODB-0220] WARNING (LEFPARS-2008): NOWIREEXTENSIONATPIN statement is obsolete in version 5.6 or later.
The NOWIREEXTENSIONATPIN statement will be ignored. See file /Users/rein/.ciel/ciel/sky130/versions/8afc8346a57fe1ab7934ba5a6056ea8b43078e71/sky130A/libs.ref/sky130_fd_sc_hd/lef/sky130_ef_sc_hd.lef at line 2.

[INFO ODB-0227] LEF file: /Users/rein/.ciel/ciel/sky130/versions/8afc8346a57fe1ab7934ba5a6056ea8b43078e71/sky130A/libs.ref/sky130_fd_sc_hd/lef/sky130_ef_sc_hd.lef, created 8 library cells
Reading cell LEF file at '/Users/rein/.ciel/ciel/sky130/versions/8afc8346a57fe1ab7934ba5a6056ea8b43078e71/sky130A/libs.ref/sky130_fd_sc_hd/lef/sky130_fd_sc_hd.lef'…
[WARNING ODB-0220] WARNING (LEFPARS-2008): NOWIREEXTENSIONATPIN statement is obsolete in version 5.6 or later.
The NOWIREEXTENSIONATPIN statement will be ignored. See file /Users/rein/.ciel/ciel/sky130/versions/8afc8346a57fe1ab7934ba5a6056ea8b43078e71/sky130A/libs.ref/sky130_fd_sc_hd/lef/sky130_fd_sc_hd.lef at line 2.

[INFO ODB-0227] LEF file: /Users/rein/.ciel/ciel/sky130/versions/8afc8346a57fe1ab7934ba5a6056ea8b43078e71/sky130A/libs.ref/sky130_fd_sc_hd/lef/sky130_fd_sc_hd.lef, created 437 library cells
[INFO ODB-0127] Reading DEF file: /Users/rein/projects/htax-verify/impl/runs/RUN_2026-05-15_19-07-52/53-odb-cellfrequencytables/htax.def
[INFO ODB-0128] Design: htax
[INFO ODB-0130]     Created 74 pins.
[INFO ODB-0131]     Created 564 components and 2773 component-terminals.
[INFO ODB-0132]     Created 2 special nets and 2156 connections.
[INFO ODB-0133]     Created 254 nets and 610 connections.
[INFO ODB-0134] Finished DEF file: /Users/rein/projects/htax-verify/impl/runs/RUN_2026-05-15_19-07-52/53-odb-cellfrequencytables/htax.def
Using RCX ruleset '/Users/rein/.ciel/ciel/sky130/versions/8afc8346a57fe1ab7934ba5a6056ea8b43078e71/sky130A/libs.tech/openlane/rules.openrcx.sky130A.min.calibre'…
[INFO RCX-0431] Defined process_corner CURRENT_CORNER with ext_model_index 0
[INFO RCX-0029] Defined extraction corner CURRENT_CORNER
+ extract_parasitics  -ext_model_file /Users/rein/.ciel/ciel/sky130/versions/8afc8346a57fe1ab7934ba5a6056ea8b43078e71/sky130A/libs.tech/openlane/rules.openrcx.sky130A.min.calibre -lef_res
[INFO RCX-0435] Reading extraction model file /Users/rein/.ciel/ciel/sky130/versions/8afc8346a57fe1ab7934ba5a6056ea8b43078e71/sky130A/libs.tech/openlane/rules.openrcx.sky130A.min.calibre ...
[INFO RCX-0436] RC segment generation htax (max_merge_res 50.0) ...
[INFO RCX-0040] Final 592 rc segments
[INFO RCX-0439] Coupling Cap extraction htax ...
[INFO RCX-0440] Coupling threshhold is 0.1000 fF, coupling capacitance less than 0.1000 fF will be grounded.
[INFO RCX-0442] 55% of 1198 wires extracted
[INFO RCX-0442] 100% of 1198 wires extracted
[INFO RCX-0045] Extract 254 nets, 843 rsegs, 843 caps, 1237 ccs
Setting global connections for newly added cells…
[INFO] Setting global connections...
[INFO ODB-0403] 0 connections made, 0 conflicts skipped.
Updating metrics…
Cell type report:                       Count       Area
  Fill cell                               291     880.84
  Tap cell                                 50      62.56
  Standard cell                           223    2999.13
  Total                                   564    3942.53
Writing extracted parasitics to '/Users/rein/projects/htax-verify/impl/runs/RUN_2026-05-15_19-07-52/54-openroad-rcx/min/htax.min.spef'…
[INFO RCX-0443] 254 nets finished
