Clock: clk
Sources: clk 
Generated: no
Virtual: yes
Propagated: no
Period: 10.000000

===========================================================================
report_clock_properties
============================================================================
Clock                   Period          Waveform
----------------------------------------------------
clk                  10.000000    0.000000  5.000000

===========================================================================
report_clock_latency
============================================================================
Clock clk
rise -> rise
    min     max
0.000000 0.000000 source latency
0.265941         network latency _142_/CLK
        0.270906 network latency _130_/CLK
---------------
0.265941 0.270906 latency
        0.004965 skew

fall -> fall
    min     max
0.000000 0.000000 source latency
0.242575         network latency _142_/CLK
        0.247028 network latency _130_/CLK
---------------
0.242575 0.247028 latency
        0.004453 skew



===========================================================================
report_clock_min_period
============================================================================
clk period_min = 2.63 fmax = 379.52
