
===========================================================================
report_checks -unconstrained
===========================================================================
======================= nom_ss_100C_1v60 Corner ===================================

Startpoint: rst_n (input port clocked by clk)
Endpoint: _109_ (recovery check against rising-edge clock clk)
Path Group: asynchronous
Path Type: max

Fanout         Cap        Slew       Delay        Time   Description
---------------------------------------------------------------------------------------------
                      0.150000    0.000000    0.000000   clock clk (rise edge)
                                  0.000000    0.000000   clock network delay (ideal)
                                  2.000000    2.000000 ^ input external delay
    39    0.125474    0.901771    0.628891    2.628891 ^ rst_n (in)
                                                         rst_n (net)
                      0.901771    0.000000    2.628891 ^ _109_/RESET_B (sky130_fd_sc_hd__dfrtp_2)
                                              2.628891   data arrival time

                      0.150000   10.000000   10.000000   clock clk (rise edge)
                                  0.000000   10.000000   clock network delay (ideal)
                                 -0.250000    9.750000   clock uncertainty
                                  0.000000    9.750000   clock reconvergence pessimism
                                              9.750000 ^ _109_/CLK (sky130_fd_sc_hd__dfrtp_2)
                                  0.117791    9.867791   library recovery time
                                              9.867791   data required time
---------------------------------------------------------------------------------------------
                                              9.867791   data required time
                                             -2.628891   data arrival time
---------------------------------------------------------------------------------------------
                                              7.238900   slack (MET)


Startpoint: rst_n (input port clocked by clk)
Endpoint: _143_ (rising edge-triggered flip-flop clocked by clk)
Path Group: clk
Path Type: max

Fanout         Cap        Slew       Delay        Time   Description
---------------------------------------------------------------------------------------------
                      0.150000    0.000000    0.000000   clock clk (rise edge)
                                  0.000000    0.000000   clock network delay (ideal)
                                  2.000000    2.000000 ^ input external delay
    39    0.125474    0.901771    0.628891    2.628891 ^ rst_n (in)
                                                         rst_n (net)
                      0.901771    0.000000    2.628891 ^ _058_/B (sky130_fd_sc_hd__and3_2)
     2    0.034902    0.316394    0.835940    3.464831 ^ _058_/X (sky130_fd_sc_hd__and3_2)
                                                         tx_ready (net)
                      0.316394    0.000000    3.464831 ^ _059_/B (sky130_fd_sc_hd__and2_2)
    36    0.116104    0.930702    0.998475    4.463306 ^ _059_/X (sky130_fd_sc_hd__and2_2)
                                                         _000_ (net)
                      0.930702    0.000000    4.463306 ^ _093_/B1 (sky130_fd_sc_hd__a21o_2)
     4    0.016960    0.158195    0.493052    4.956357 ^ _093_/X (sky130_fd_sc_hd__a21o_2)
                                                         _042_ (net)
                      0.158195    0.000000    4.956357 ^ _098_/S (sky130_fd_sc_hd__mux2_1)
     1    0.001838    0.102539    0.711675    5.668033 v _098_/X (sky130_fd_sc_hd__mux2_1)
                                                         _035_ (net)
                      0.102539    0.000000    5.668033 v _143_/D (sky130_fd_sc_hd__dfrtp_2)
                                              5.668033   data arrival time

                      0.150000   10.000000   10.000000   clock clk (rise edge)
                                  0.000000   10.000000   clock network delay (ideal)
                                 -0.250000    9.750000   clock uncertainty
                                  0.000000    9.750000   clock reconvergence pessimism
                                              9.750000 ^ _143_/CLK (sky130_fd_sc_hd__dfrtp_2)
                                 -0.268864    9.481137   library setup time
                                              9.481137   data required time
---------------------------------------------------------------------------------------------
                                              9.481137   data required time
                                             -5.668033   data arrival time
---------------------------------------------------------------------------------------------
                                              3.813105   slack (MET)




===========================================================================
report_checks --slack_max -0.01
============================================================================
======================= nom_ss_100C_1v60 Corner ===================================

No paths found.


===========================================================================
 report_check_types -max_slew -max_cap -max_fanout -violators
============================================================================
======================= nom_ss_100C_1v60 Corner ===================================

max slew

Pin                                        Limit        Slew       Slack
------------------------------------------------------------------------
_059_/X                                 0.750000    0.930702   -0.180702 (VIOLATED)
_060_/S                                 0.750000    0.930702   -0.180702 (VIOLATED)
_061_/S                                 0.750000    0.930702   -0.180702 (VIOLATED)
_062_/S                                 0.750000    0.930702   -0.180702 (VIOLATED)
_063_/S                                 0.750000    0.930702   -0.180702 (VIOLATED)
_064_/S                                 0.750000    0.930702   -0.180702 (VIOLATED)
_065_/S                                 0.750000    0.930702   -0.180702 (VIOLATED)
_066_/S                                 0.750000    0.930702   -0.180702 (VIOLATED)
_067_/S                                 0.750000    0.930702   -0.180702 (VIOLATED)
_068_/S                                 0.750000    0.930702   -0.180702 (VIOLATED)
_069_/S                                 0.750000    0.930702   -0.180702 (VIOLATED)
_070_/S                                 0.750000    0.930702   -0.180702 (VIOLATED)
_071_/S                                 0.750000    0.930702   -0.180702 (VIOLATED)
_072_/S                                 0.750000    0.930702   -0.180702 (VIOLATED)
_073_/S                                 0.750000    0.930702   -0.180702 (VIOLATED)
_074_/S                                 0.750000    0.930702   -0.180702 (VIOLATED)
_075_/S                                 0.750000    0.930702   -0.180702 (VIOLATED)
_076_/S                                 0.750000    0.930702   -0.180702 (VIOLATED)
_077_/S                                 0.750000    0.930702   -0.180702 (VIOLATED)
_078_/S                                 0.750000    0.930702   -0.180702 (VIOLATED)
_079_/S                                 0.750000    0.930702   -0.180702 (VIOLATED)
_080_/S                                 0.750000    0.930702   -0.180702 (VIOLATED)
_081_/S                                 0.750000    0.930702   -0.180702 (VIOLATED)
_082_/S                                 0.750000    0.930702   -0.180702 (VIOLATED)
_083_/S                                 0.750000    0.930702   -0.180702 (VIOLATED)
_084_/S                                 0.750000    0.930702   -0.180702 (VIOLATED)
_085_/S                                 0.750000    0.930702   -0.180702 (VIOLATED)
_086_/S                                 0.750000    0.930702   -0.180702 (VIOLATED)
_087_/S                                 0.750000    0.930702   -0.180702 (VIOLATED)
_088_/S                                 0.750000    0.930702   -0.180702 (VIOLATED)
_089_/S                                 0.750000    0.930702   -0.180702 (VIOLATED)
_090_/S                                 0.750000    0.930702   -0.180702 (VIOLATED)
_091_/S                                 0.750000    0.930702   -0.180702 (VIOLATED)
_092_/B1                                0.750000    0.930702   -0.180702 (VIOLATED)
_093_/B1                                0.750000    0.930702   -0.180702 (VIOLATED)
_108_/A2_N                              0.750000    0.930702   -0.180702 (VIOLATED)
_146_/D                                 0.750000    0.930702   -0.180702 (VIOLATED)
rst_n                                   0.750000    0.901771   -0.151771 (VIOLATED)
_058_/B                                 0.750000    0.901771   -0.151771 (VIOLATED)
_109_/RESET_B                           0.750000    0.901771   -0.151771 (VIOLATED)
_110_/RESET_B                           0.750000    0.901771   -0.151771 (VIOLATED)
_111_/RESET_B                           0.750000    0.901771   -0.151771 (VIOLATED)
_112_/RESET_B                           0.750000    0.901771   -0.151771 (VIOLATED)
_113_/RESET_B                           0.750000    0.901771   -0.151771 (VIOLATED)
_114_/RESET_B                           0.750000    0.901771   -0.151771 (VIOLATED)
_115_/RESET_B                           0.750000    0.901771   -0.151771 (VIOLATED)
_116_/RESET_B                           0.750000    0.901771   -0.151771 (VIOLATED)
_117_/RESET_B                           0.750000    0.901771   -0.151771 (VIOLATED)
_118_/RESET_B                           0.750000    0.901771   -0.151771 (VIOLATED)
_119_/RESET_B                           0.750000    0.901771   -0.151771 (VIOLATED)
_120_/RESET_B                           0.750000    0.901771   -0.151771 (VIOLATED)
_121_/RESET_B                           0.750000    0.901771   -0.151771 (VIOLATED)
_122_/RESET_B                           0.750000    0.901771   -0.151771 (VIOLATED)
_123_/RESET_B                           0.750000    0.901771   -0.151771 (VIOLATED)
_124_/RESET_B                           0.750000    0.901771   -0.151771 (VIOLATED)
_125_/RESET_B                           0.750000    0.901771   -0.151771 (VIOLATED)
_126_/RESET_B                           0.750000    0.901771   -0.151771 (VIOLATED)
_127_/RESET_B                           0.750000    0.901771   -0.151771 (VIOLATED)
_128_/RESET_B                           0.750000    0.901771   -0.151771 (VIOLATED)
_129_/RESET_B                           0.750000    0.901771   -0.151771 (VIOLATED)
_130_/RESET_B                           0.750000    0.901771   -0.151771 (VIOLATED)
_131_/RESET_B                           0.750000    0.901771   -0.151771 (VIOLATED)
_132_/RESET_B                           0.750000    0.901771   -0.151771 (VIOLATED)
_133_/RESET_B                           0.750000    0.901771   -0.151771 (VIOLATED)
_134_/RESET_B                           0.750000    0.901771   -0.151771 (VIOLATED)
_135_/RESET_B                           0.750000    0.901771   -0.151771 (VIOLATED)
_136_/RESET_B                           0.750000    0.901771   -0.151771 (VIOLATED)
_137_/RESET_B                           0.750000    0.901771   -0.151771 (VIOLATED)
_138_/RESET_B                           0.750000    0.901771   -0.151771 (VIOLATED)
_139_/RESET_B                           0.750000    0.901771   -0.151771 (VIOLATED)
_140_/RESET_B                           0.750000    0.901771   -0.151771 (VIOLATED)
_141_/RESET_B                           0.750000    0.901771   -0.151771 (VIOLATED)
_142_/RESET_B                           0.750000    0.901771   -0.151771 (VIOLATED)
_143_/RESET_B                           0.750000    0.901771   -0.151771 (VIOLATED)
_144_/RESET_B                           0.750000    0.901771   -0.151771 (VIOLATED)
_145_/SET_B                             0.750000    0.901771   -0.151771 (VIOLATED)
_146_/RESET_B                           0.750000    0.901771   -0.151771 (VIOLATED)

max fanout

Pin                                   Limit Fanout  Slack
---------------------------------------------------------
rst_n                                    10     39    -29 (VIOLATED)
_059_/X                                  10     36    -26 (VIOLATED)



===========================================================================
report_parasitic_annotation -report_unannotated
============================================================================
Found 131 unannotated drivers.
 clk
 rst_n
 tx_data[0]
 tx_data[10]
 tx_data[11]
 tx_data[12]
 tx_data[13]
 tx_data[14]
 tx_data[15]
 tx_data[16]
 tx_data[17]
 tx_data[18]
 tx_data[19]
 tx_data[1]
 tx_data[20]
 tx_data[21]
 tx_data[22]
 tx_data[23]
 tx_data[24]
 tx_data[25]
 tx_data[26]
 tx_data[27]
 tx_data[28]
 tx_data[29]
 tx_data[2]
 tx_data[30]
 tx_data[31]
 tx_data[3]
 tx_data[4]
 tx_data[5]
 tx_data[6]
 tx_data[7]
 tx_data[8]
 tx_data[9]
 tx_valid
 tx_vc[0]
 tx_vc[1]
 tx_vc[2]
 _054_/Y
 _055_/Y
 _056_/Y
 _057_/X
 _058_/X
 _059_/X
 _060_/X
 _061_/X
 _062_/X
 _063_/X
 _064_/X
 _065_/X
 _066_/X
 _067_/X
 _068_/X
 _069_/X
 _070_/X
 _071_/X
 _072_/X
 _073_/X
 _074_/X
 _075_/X
 _076_/X
 _077_/X
 _078_/X
 _079_/X
 _080_/X
 _081_/X
 _082_/X
 _083_/X
 _084_/X
 _085_/X
 _086_/X
 _087_/X
 _088_/X
 _089_/X
 _090_/X
 _091_/X
 _092_/X
 _093_/X
 _094_/Y
 _095_/Y
 _096_/X
 _097_/Y
 _098_/X
 _099_/X
 _100_/X
 _101_/Y
 _102_/Y
 _103_/Y
 _104_/X
 _105_/Y
 _106_/X
 _107_/Y
 _108_/X
 _109_/Q
 _110_/Q
 _111_/Q
 _112_/Q
 _113_/Q
 _114_/Q
 _115_/Q
 _116_/Q
 _117_/Q
 _118_/Q
 _119_/Q
 _120_/Q
 _121_/Q
 _122_/Q
 _123_/Q
 _124_/Q
 _125_/Q
 _126_/Q
 _127_/Q
 _128_/Q
 _129_/Q
 _130_/Q
 _131_/Q
 _132_/Q
 _133_/Q
 _134_/Q
 _135_/Q
 _136_/Q
 _137_/Q
 _138_/Q
 _139_/Q
 _140_/Q
 _141_/Q
 _142_/Q
 _143_/Q
 _144_/Q
 _145_/Q
 _146_/Q
Found 0 partially unannotated drivers.

===========================================================================
max slew violation count 77
max fanout violation count 2
max cap violation count 0
============================================================================

===========================================================================
check_setup -verbose -unconstrained_endpoints -multiple_clock -no_clock -no_input_delay -loops -generated_clocks
===========================================================================
