Reading timing models for corner nom_tt_025C_1v80…
Reading timing library for the 'nom_tt_025C_1v80' corner at '/Users/rein/.ciel/ciel/sky130/versions/8afc8346a57fe1ab7934ba5a6056ea8b43078e71/sky130A/libs.ref/sky130_fd_sc_hd/lib/sky130_fd_sc_hd__tt_025C_1v80.lib'…
Reading OpenROAD database at '/Users/rein/projects/htax-verify/impl/runs/RUN_2026-05-15_19-07-52/32-openroad-repairdesignpostgpl/htax.odb'…
Reading design constraints file at '/Users/rein/projects/librelane/librelane/scripts/base.sdc'…
[INFO] Using clock clk…
[INFO] Setting output delay to: 2.0
[INFO] Setting input delay to: 2.0
[INFO] Setting load to: 0.033442
[INFO] Setting clock uncertainty to: 0.25
[INFO] Setting clock transition to: 0.1499999999999999944488848768742172978818416595458984375
[INFO] Setting timing derate to: 5%
+ detailed_placement -max_displacement  500 100 
Placement Analysis
---------------------------------
total displacement          0.0 u
average displacement        0.0 u
max displacement            0.0 u
original HPWL            3236.6 u
legalized HPWL           3350.9 u
delta HPWL                    4 %

[INFO DPL-0020] Mirrored 53 instances
[INFO DPL-0021] HPWL before            3350.9 u
[INFO DPL-0022] HPWL after             3236.6 u
[INFO DPL-0023] HPWL delta               -3.4 %
Setting global connections for newly added cells…
[INFO] Setting global connections...
[INFO ODB-0403] 0 connections made, 0 conflicts skipped.
Updating metrics…
Cell type report:                       Count       Area
  Fill cell                                46     172.67
  Tap cell                                 50      62.56
  Timing Repair Buffer                     80     790.76
  Inverter                                  3      11.26
  Sequential cell                          38     998.46
  Multi-Input combinational cell           52     580.56
  Total                                   269    2616.26
Writing OpenROAD database to '/Users/rein/projects/htax-verify/impl/runs/RUN_2026-05-15_19-07-52/34-openroad-detailedplacement/htax.odb'…
Writing netlist to '/Users/rein/projects/htax-verify/impl/runs/RUN_2026-05-15_19-07-52/34-openroad-detailedplacement/htax.nl.v'…
Writing powered netlist to '/Users/rein/projects/htax-verify/impl/runs/RUN_2026-05-15_19-07-52/34-openroad-detailedplacement/htax.pnl.v'…
Writing layout to '/Users/rein/projects/htax-verify/impl/runs/RUN_2026-05-15_19-07-52/34-openroad-detailedplacement/htax.def'…
Writing timing constraints to '/Users/rein/projects/htax-verify/impl/runs/RUN_2026-05-15_19-07-52/34-openroad-detailedplacement/htax.sdc'…
