
===========================================================================
report_checks -unconstrained
===========================================================================
======================= nom_tt_025C_1v80 Corner ===================================

Startpoint: rst_n (input port clocked by clk)
Endpoint: _127_ (recovery check against rising-edge clock clk)
Path Group: asynchronous
Path Type: max

Fanout         Cap        Slew       Delay        Time   Description
---------------------------------------------------------------------------------------------
                                  0.000000    0.000000   clock clk (rise edge)
                                  0.000000    0.000000   clock network delay (propagated)
                                  2.000000    2.000000 ^ input external delay
    39    0.164482    0.737365    0.509684    2.509684 ^ rst_n (in)
                                                         rst_n (net)
                      0.737375    0.000000    2.509684 ^ _127_/RESET_B (sky130_fd_sc_hd__dfrtp_2)
                                              2.509684   data arrival time

                                 10.000000   10.000000   clock clk (rise edge)
                                  0.000000   10.000000   clock source latency
    38    0.096033    0.434252    0.299321   10.299321 ^ clk (in)
                                                         clk (net)
                      0.434252    0.000000   10.299321 ^ _127_/CLK (sky130_fd_sc_hd__dfrtp_2)
                                 -0.250000   10.049321   clock uncertainty
                                  0.000000   10.049321   clock reconvergence pessimism
                                  0.136374   10.185695   library recovery time
                                             10.185695   data required time
---------------------------------------------------------------------------------------------
                                             10.185695   data required time
                                             -2.509684   data arrival time
---------------------------------------------------------------------------------------------
                                              7.676010   slack (MET)


Startpoint: rst_n (input port clocked by clk)
Endpoint: tx_ready (output port clocked by clk)
Path Group: clk
Path Type: max

Fanout         Cap        Slew       Delay        Time   Description
---------------------------------------------------------------------------------------------
                                  0.000000    0.000000   clock clk (rise edge)
                                  0.000000    0.000000   clock network delay (propagated)
                                  2.000000    2.000000 ^ input external delay
    39    0.164482    0.737365    0.508886    2.508886 ^ rst_n (in)
                                                         rst_n (net)
                      0.737369    0.000000    2.508886 ^ _058_/B (sky130_fd_sc_hd__and3_2)
     2    0.035993    0.194446    0.440737    2.949623 ^ _058_/X (sky130_fd_sc_hd__and3_2)
                                                         tx_ready (net)
                      0.194446    0.000143    2.949766 ^ tx_ready (out)
                                              2.949766   data arrival time

                                 10.000000   10.000000   clock clk (rise edge)
                                  0.000000   10.000000   clock network delay (propagated)
                                 -0.250000    9.750000   clock uncertainty
                                  0.000000    9.750000   clock reconvergence pessimism
                                 -2.000000    7.750000   output external delay
                                              7.750000   data required time
---------------------------------------------------------------------------------------------
                                              7.750000   data required time
                                             -2.949766   data arrival time
---------------------------------------------------------------------------------------------
                                              4.800234   slack (MET)




===========================================================================
report_checks --slack_max -0.01
============================================================================
======================= nom_tt_025C_1v80 Corner ===================================

No paths found.


===========================================================================
 report_check_types -max_slew -max_cap -max_fanout -violators
============================================================================
======================= nom_tt_025C_1v80 Corner ===================================

max fanout

Pin                                   Limit Fanout  Slack
---------------------------------------------------------
rst_n                                    10     39    -29 (VIOLATED)
clk                                      10     38    -28 (VIOLATED)
_059_/X                                  10     36    -26 (VIOLATED)



===========================================================================
report_parasitic_annotation -report_unannotated
============================================================================
Found 3 unannotated drivers.
 tx_vc[0]
 tx_vc[1]
 tx_vc[2]
Found 0 partially unannotated drivers.

===========================================================================
max slew violation count 0
Writing metric design__max_slew_violation__count__corner:nom_tt_025C_1v80: 0
max fanout violation count 3
Writing metric design__max_fanout_violation__count__corner:nom_tt_025C_1v80: 3
max cap violation count 0
Writing metric design__max_cap_violation__count__corner:nom_tt_025C_1v80: 0
============================================================================

===========================================================================
check_setup -verbose -unconstrained_endpoints -multiple_clock -no_clock -no_input_delay -loops -generated_clocks
===========================================================================
