Clock: clk
Sources: clk 
Generated: no
Virtual: yes
Propagated: no
Period: 10.000000

===========================================================================
report_clock_properties
============================================================================
Clock                   Period          Waveform
----------------------------------------------------
clk                  10.000000    0.000000  5.000000

===========================================================================
report_clock_latency
============================================================================
Clock clk
rise -> rise
    min     max
0.000000 0.000000 source latency
0.299321         network latency _127_/CLK
        0.300396 network latency _116_/CLK
---------------
0.299321 0.300396 latency
        0.001075 skew

fall -> fall
    min     max
0.000000 0.000000 source latency
0.145082         network latency _127_/CLK
        0.146090 network latency _116_/CLK
---------------
0.145082 0.146090 latency
        0.001008 skew



===========================================================================
report_clock_min_period
============================================================================
clk period_min = 2.88 fmax = 347.39
