Reading timing models for corner nom_tt_025C_1v80…
Reading timing library for the 'nom_tt_025C_1v80' corner at '/Users/rein/.ciel/ciel/sky130/versions/8afc8346a57fe1ab7934ba5a6056ea8b43078e71/sky130A/libs.ref/sky130_fd_sc_hd/lib/sky130_fd_sc_hd__tt_025C_1v80.lib'…
Reading OpenROAD database at '/Users/rein/projects/htax-verify/impl/runs/RUN_2026-05-15_19-07-52/21-openroad-generatepdn/htax.odb'…
Reading design constraints file at '/Users/rein/projects/librelane/librelane/scripts/base.sdc'…
[INFO] Using clock clk…
[INFO] Setting output delay to: 2.0
[INFO] Setting input delay to: 2.0
[INFO] Setting load to: 0.033442
[INFO] Setting clock uncertainty to: 0.25
[INFO] Setting clock transition to: 0.1499999999999999944488848768742172978818416595458984375
[INFO] Setting timing derate to: 5%
+ global_placement -density 0.45 -skip_io -pad_right 0 -pad_left 0 -init_wirelength_coef 0.25
[INFO GPL-0001] ---- Initialize GPL Main Data Structures
[INFO GPL-0002] DBU: 1000
[INFO GPL-0003] SiteSize: (  0.460  2.720 ) um
[INFO GPL-0004] CoreBBox: (  5.520 10.880 ) ( 68.540 73.440 ) um
[INFO GPL-0036] Movable instances area:       1590.275 um^2
[INFO GPL-0037] Total instances area:         1825.501 um^2
[INFO GPL-0035] Pin density area adjust:       105.525 um^2
[INFO GPL-0032] ---- Initialize Region: Top-level
[INFO GPL-0006] Number of instances:               189
[INFO GPL-0007] Movable instances:                  93
[INFO GPL-0008] Fixed instances:                    96
[INFO GPL-0009] Dummy instances:                     0
[INFO GPL-0010] Number of nets:                    131
[INFO GPL-0011] Number of pins:                    357
[INFO GPL-0012] Die BBox:  (  0.000  0.000 ) ( 74.095 84.815 ) um
[INFO GPL-0013] Core BBox: (  5.520 10.880 ) ( 68.540 73.440 ) um
[INFO GPL-0016] Core area:                    3942.531 um^2
[INFO GPL-0014] Region name: top-level.
[INFO GPL-0015] Region area:                  3942.531 um^2
[INFO GPL-0017] Fixed instances area:          235.226 um^2
[INFO GPL-0018] Movable instances area:       1695.800 um^2
[INFO GPL-0019] Utilization:                    45.742 %
[INFO GPL-0020] Standard cells area:          1695.800 um^2
[INFO GPL-0021] Large instances area:            0.000 um^2
[INFO GPL-0005] ---- Execute Conjugate Gradient Initial Placement.
[INFO GPL-0051] Source of initial instance position counters:
	Odb location = 0	Core center = 93	Region center = 0
[INFO GPL-0033] ---- Initialize Nesterov Region: Top-level
[WARNING GPL-0302] Target density 0.4500 is too low for the available free area.
Automatically adjusting to uniform density 0.4600.
[INFO GPL-0023] Placement target density:       0.4600
[INFO GPL-0024] Movable insts average area:     18.234 um^2
[INFO GPL-0025] Ideal bin area:                 39.640 um^2
[INFO GPL-0026] Ideal bin count:                    99
[INFO GPL-0027] Total bin area:               3942.531 um^2
[INFO GPL-0028] Bin count (X, Y):           8 ,      8
[INFO GPL-0029] Bin size (W * H):       7.878 *  7.820 um
[INFO GPL-0030] Number of bins:                     64
[INFO GPL-0007] ---- Execute Nesterov Global Placement.
[INFO GPL-0031] HPWL: Half-Perimeter Wirelength
Iteration | Overflow |     HPWL (um) |  HPWL(%) |   Penalty | Group
---------------------------------------------------------------
        0 |   0.9350 |  3.046870e+02 |   +0.00% |  1.04e-13 |      
       10 |   0.9340 |  2.714380e+02 |  -10.91% |  1.70e-13 |      
       20 |   0.9344 |  2.706340e+02 |   -0.30% |  2.76e-13 |      
       30 |   0.9344 |  2.707240e+02 |   +0.03% |  4.50e-13 |      
       40 |   0.9344 |  2.708000e+02 |   +0.03% |  7.33e-13 |      
       50 |   0.9344 |  2.707780e+02 |   -0.01% |  1.19e-12 |      
       60 |   0.9344 |  2.708260e+02 |   +0.02% |  1.94e-12 |      
       70 |   0.9344 |  2.708590e+02 |   +0.01% |  3.17e-12 |      
       80 |   0.9344 |  2.709580e+02 |   +0.04% |  5.16e-12 |      
       90 |   0.9343 |  2.711860e+02 |   +0.08% |  8.40e-12 |      
      100 |   0.9341 |  2.714500e+02 |   +0.10% |  1.37e-11 |      
      110 |   0.9329 |  2.723000e+02 |   +0.31% |  2.23e-11 |      
      120 |   0.9247 |  2.756350e+02 |   +1.22% |  3.63e-11 |      
      130 |   0.8789 |  2.964100e+02 |   +7.54% |  5.92e-11 |      
      140 |   0.8357 |  3.113050e+02 |   +5.03% |  9.64e-11 |      
      150 |   0.8357 |  3.065520e+02 |   -1.53% |  1.57e-10 |      
      160 |   0.8357 |  3.199500e+02 |   +4.37% |  2.56e-10 |      
      170 |   0.8096 |  3.928250e+02 |  +22.78% |  4.16e-10 |      
      180 |   0.6014 |  4.754480e+02 |  +21.03% |  6.78e-10 |      
      190 |   0.6368 |  4.651250e+02 |   -2.17% |  1.10e-09 |      
      200 |   0.6172 |  4.671780e+02 |   +0.44% |  1.80e-09 |      
      210 |   0.5070 |  4.867990e+02 |   +4.20% |  2.93e-09 |      
      220 |   0.4856 |  4.893850e+02 |   +0.53% |  4.78e-09 |      
      230 |   0.4523 |  4.923950e+02 |   +0.62% |  7.78e-09 |      
      240 |   0.3972 |  5.169410e+02 |   +4.99% |  1.27e-08 |      
      250 |   0.3557 |  5.530610e+02 |   +6.99% |  2.06e-08 |      
      260 |   0.3217 |  5.755360e+02 |   +4.06% |  3.10e-08 |      
      270 |   0.2713 |  6.241870e+02 |   +8.45% |  4.57e-08 |      
      280 |   0.2251 |  6.318610e+02 |   +1.23% |  6.73e-08 |      
      290 |   0.1840 |  6.494540e+02 |   +2.78% |  9.92e-08 |      
      300 |   0.1531 |  6.642560e+02 |   +2.28% |  1.46e-07 |      
      310 |   0.1198 |  6.751450e+02 |   +1.64% |  2.15e-07 |      
      317 |   0.0973 |  6.852090e+02 |          |  2.93e-07 |      
---------------------------------------------------------------
[INFO GPL-1001] Global placement finished at iteration 317
[INFO GPL-1002] Placed Cell Area             1695.8003
[INFO GPL-1003] Available Free Area          3707.3056
[INFO GPL-1004] Minimum Feasible Density        0.4600 (cell_area / free_area)
[INFO GPL-1006]   Suggested Target Densities:
[INFO GPL-1007]     - For 90% usage of free space: 0.5082
[INFO GPL-1008]     - For 80% usage of free space: 0.5718
[INFO GPL-1009]     - For 50% usage of free space: 0.9148
[INFO GPL-1014] Final placement area: 1695.80 (+0.00%)
Setting global connections for newly added cells…
[INFO] Setting global connections...
[INFO ODB-0403] 0 connections made, 0 conflicts skipped.
Updating metrics…
Cell type report:                       Count       Area
  Fill cell                                46     172.67
  Tap cell                                 50      62.56
  Inverter                                  3      11.26
  Sequential cell                          38     998.46
  Multi-Input combinational cell           52     580.56
  Total                                   189    1825.50
Writing OpenROAD database to '/Users/rein/projects/htax-verify/impl/runs/RUN_2026-05-15_19-07-52/24-openroad-globalplacementskipio/htax.odb'…
Writing netlist to '/Users/rein/projects/htax-verify/impl/runs/RUN_2026-05-15_19-07-52/24-openroad-globalplacementskipio/htax.nl.v'…
Writing powered netlist to '/Users/rein/projects/htax-verify/impl/runs/RUN_2026-05-15_19-07-52/24-openroad-globalplacementskipio/htax.pnl.v'…
Writing layout to '/Users/rein/projects/htax-verify/impl/runs/RUN_2026-05-15_19-07-52/24-openroad-globalplacementskipio/htax.def'…
Writing timing constraints to '/Users/rein/projects/htax-verify/impl/runs/RUN_2026-05-15_19-07-52/24-openroad-globalplacementskipio/htax.sdc'…
