Reading timing models for corner max_tt_025C_1v80…
Reading timing library for the 'max_tt_025C_1v80' corner at '/Users/rein/.ciel/ciel/sky130/versions/8afc8346a57fe1ab7934ba5a6056ea8b43078e71/sky130A/libs.ref/sky130_fd_sc_hd/lib/sky130_fd_sc_hd__tt_025C_1v80.lib'…
Reading timing models for corner min_ss_100C_1v60…
Reading timing library for the 'min_ss_100C_1v60' corner at '/Users/rein/.ciel/ciel/sky130/versions/8afc8346a57fe1ab7934ba5a6056ea8b43078e71/sky130A/libs.ref/sky130_fd_sc_hd/lib/sky130_fd_sc_hd__ss_100C_1v60.lib'…
Reading timing models for corner nom_tt_025C_1v80…
Reading timing library for the 'nom_tt_025C_1v80' corner at '/Users/rein/.ciel/ciel/sky130/versions/8afc8346a57fe1ab7934ba5a6056ea8b43078e71/sky130A/libs.ref/sky130_fd_sc_hd/lib/sky130_fd_sc_hd__tt_025C_1v80.lib'…
[WARNING STA-1140] /Users/rein/.ciel/ciel/sky130/versions/8afc8346a57fe1ab7934ba5a6056ea8b43078e71/sky130A/libs.ref/sky130_fd_sc_hd/lib/sky130_fd_sc_hd__tt_025C_1v80.lib line 1, library sky130_fd_sc_hd__tt_025C_1v80 already exists.
Reading timing models for corner max_ff_n40C_1v95…
Reading timing library for the 'max_ff_n40C_1v95' corner at '/Users/rein/.ciel/ciel/sky130/versions/8afc8346a57fe1ab7934ba5a6056ea8b43078e71/sky130A/libs.ref/sky130_fd_sc_hd/lib/sky130_fd_sc_hd__ff_n40C_1v95.lib'…
Reading timing models for corner nom_ff_n40C_1v95…
Reading timing library for the 'nom_ff_n40C_1v95' corner at '/Users/rein/.ciel/ciel/sky130/versions/8afc8346a57fe1ab7934ba5a6056ea8b43078e71/sky130A/libs.ref/sky130_fd_sc_hd/lib/sky130_fd_sc_hd__ff_n40C_1v95.lib'…
[WARNING STA-1140] /Users/rein/.ciel/ciel/sky130/versions/8afc8346a57fe1ab7934ba5a6056ea8b43078e71/sky130A/libs.ref/sky130_fd_sc_hd/lib/sky130_fd_sc_hd__ff_n40C_1v95.lib line 1, library sky130_fd_sc_hd__ff_n40C_1v95 already exists.
Reading timing models for corner max_ss_100C_1v60…
Reading timing library for the 'max_ss_100C_1v60' corner at '/Users/rein/.ciel/ciel/sky130/versions/8afc8346a57fe1ab7934ba5a6056ea8b43078e71/sky130A/libs.ref/sky130_fd_sc_hd/lib/sky130_fd_sc_hd__ss_100C_1v60.lib'…
[WARNING STA-1140] /Users/rein/.ciel/ciel/sky130/versions/8afc8346a57fe1ab7934ba5a6056ea8b43078e71/sky130A/libs.ref/sky130_fd_sc_hd/lib/sky130_fd_sc_hd__ss_100C_1v60.lib line 1, library sky130_fd_sc_hd__ss_100C_1v60 already exists.
Reading timing models for corner min_tt_025C_1v80…
Reading timing library for the 'min_tt_025C_1v80' corner at '/Users/rein/.ciel/ciel/sky130/versions/8afc8346a57fe1ab7934ba5a6056ea8b43078e71/sky130A/libs.ref/sky130_fd_sc_hd/lib/sky130_fd_sc_hd__tt_025C_1v80.lib'…
[WARNING STA-1140] /Users/rein/.ciel/ciel/sky130/versions/8afc8346a57fe1ab7934ba5a6056ea8b43078e71/sky130A/libs.ref/sky130_fd_sc_hd/lib/sky130_fd_sc_hd__tt_025C_1v80.lib line 1, library sky130_fd_sc_hd__tt_025C_1v80 already exists.
Reading timing models for corner nom_ss_100C_1v60…
Reading timing library for the 'nom_ss_100C_1v60' corner at '/Users/rein/.ciel/ciel/sky130/versions/8afc8346a57fe1ab7934ba5a6056ea8b43078e71/sky130A/libs.ref/sky130_fd_sc_hd/lib/sky130_fd_sc_hd__ss_100C_1v60.lib'…
[WARNING STA-1140] /Users/rein/.ciel/ciel/sky130/versions/8afc8346a57fe1ab7934ba5a6056ea8b43078e71/sky130A/libs.ref/sky130_fd_sc_hd/lib/sky130_fd_sc_hd__ss_100C_1v60.lib line 1, library sky130_fd_sc_hd__ss_100C_1v60 already exists.
Reading timing models for corner min_ff_n40C_1v95…
Reading timing library for the 'min_ff_n40C_1v95' corner at '/Users/rein/.ciel/ciel/sky130/versions/8afc8346a57fe1ab7934ba5a6056ea8b43078e71/sky130A/libs.ref/sky130_fd_sc_hd/lib/sky130_fd_sc_hd__ff_n40C_1v95.lib'…
[WARNING STA-1140] /Users/rein/.ciel/ciel/sky130/versions/8afc8346a57fe1ab7934ba5a6056ea8b43078e71/sky130A/libs.ref/sky130_fd_sc_hd/lib/sky130_fd_sc_hd__ff_n40C_1v95.lib line 1, library sky130_fd_sc_hd__ff_n40C_1v95 already exists.
Reading OpenROAD database at '/Users/rein/projects/htax-verify/impl/runs/RUN_2026-05-15_19-07-52/28-openroad-globalplacement/htax.odb'…
Reading design constraints file at '/Users/rein/projects/librelane/librelane/scripts/base.sdc'…
[INFO] Using clock clk…
[INFO] Setting output delay to: 2.0
[INFO] Setting input delay to: 2.0
[INFO] Setting load to: 0.033442
[INFO] Setting clock uncertainty to: 0.25
[INFO] Setting clock transition to: 0.1499999999999999944488848768742172978818416595458984375
[INFO] Setting timing derate to: 5%
[INFO RSZ-0027] Inserted 34 sky130_fd_sc_hd__clkdlybuf4s25_1 input buffers.
[INFO RSZ-0028] Inserted 34 sky130_fd_sc_hd__clkdlybuf4s25_1 output buffers.
+ repair_design -verbose -max_wire_length 0 -slew_margin 20 -cap_margin 20
Iteration |   Area    | Resized | Buffers | Nets repaired | Remaining
---------------------------------------------------------------------
        0 |     +0.0% |       0 |       0 |             0 |       199
       10 |     +0.0% |       0 |       0 |             0 |       189
       20 |     +0.0% |       0 |       0 |             0 |       179
       30 |     +0.0% |       0 |       0 |             0 |       169
       40 |     +0.0% |       0 |       0 |             0 |       159
       50 |     +1.8% |       0 |       4 |             1 |       149
       60 |     +1.8% |       0 |       4 |             1 |       139
       70 |     +1.8% |       0 |       4 |             1 |       129
       80 |     +1.8% |       0 |       4 |             1 |       119
       90 |     +1.8% |       0 |       4 |             1 |       109
      100 |     +1.8% |       0 |       4 |             1 |        99
      110 |     +1.8% |       0 |       4 |             1 |        89
      120 |     +1.8% |       0 |       4 |             1 |        79
      130 |     +1.8% |       0 |       4 |             1 |        69
      140 |     +1.8% |       0 |       4 |             1 |        59
      150 |     +1.8% |       0 |       4 |             1 |        49
      160 |     +1.8% |       0 |       4 |             1 |        39
      170 |     +4.8% |       0 |      12 |             2 |        29
      180 |     +4.8% |       0 |      12 |             2 |        19
      190 |     +4.8% |       0 |      12 |             2 |         9
    final |     +4.8% |       0 |      12 |             2 |         0
---------------------------------------------------------------------
[INFO RSZ-0034] Found 2 slew violations.
[INFO RSZ-0035] Found 2 fanout violations.
[INFO RSZ-0038] Inserted 12 buffers in 2 nets.
[WARNING RSZ-0020] found 2 floating nets.
 VGND
 VPWR
+ detailed_placement -max_displacement  500 100 
Placement Analysis
---------------------------------
total displacement       1533.9 u
average displacement        5.7 u
max displacement           29.2 u
original HPWL            2548.3 u
legalized HPWL           3350.9 u
delta HPWL                   31 %

[INFO DPL-0020] Mirrored 53 instances
[INFO DPL-0021] HPWL before            3350.9 u
[INFO DPL-0022] HPWL after             3236.6 u
[INFO DPL-0023] HPWL delta               -3.4 %
Setting global connections for newly added cells…
[INFO] Setting global connections...
[INFO ODB-0403] 320 connections made, 0 conflicts skipped.
Updating metrics…
Cell type report:                       Count       Area
  Fill cell                                46     172.67
  Tap cell                                 50      62.56
  Timing Repair Buffer                     80     790.76
  Inverter                                  3      11.26
  Sequential cell                          38     998.46
  Multi-Input combinational cell           52     580.56
  Total                                   269    2616.26
Writing OpenROAD database to '/Users/rein/projects/htax-verify/impl/runs/RUN_2026-05-15_19-07-52/32-openroad-repairdesignpostgpl/htax.odb'…
Writing netlist to '/Users/rein/projects/htax-verify/impl/runs/RUN_2026-05-15_19-07-52/32-openroad-repairdesignpostgpl/htax.nl.v'…
Writing powered netlist to '/Users/rein/projects/htax-verify/impl/runs/RUN_2026-05-15_19-07-52/32-openroad-repairdesignpostgpl/htax.pnl.v'…
Writing layout to '/Users/rein/projects/htax-verify/impl/runs/RUN_2026-05-15_19-07-52/32-openroad-repairdesignpostgpl/htax.def'…
Writing timing constraints to '/Users/rein/projects/htax-verify/impl/runs/RUN_2026-05-15_19-07-52/32-openroad-repairdesignpostgpl/htax.sdc'…
