Clock: clk
Sources: clk 
Generated: no
Virtual: no
Propagated: no
Period: 10.000000

===========================================================================
report_clock_properties
============================================================================
Clock                   Period          Waveform
----------------------------------------------------
clk                  10.000000    0.000000  5.000000

===========================================================================
report_clock_latency
============================================================================
Clock clk
rise -> rise
    min     max
0.000000 0.000000 source latency
0.173908         network latency _109_/CLK
        0.173908 network latency _109_/CLK
---------------
0.173908 0.173908 latency
        0.000000 skew

fall -> fall
    min     max
0.000000 0.000000 source latency
0.075305         network latency _109_/CLK
        0.075305 network latency _109_/CLK
---------------
0.075305 0.075305 latency
        0.000000 skew



===========================================================================
report_clock_min_period
============================================================================
clk period_min = 0.00 fmax = inf
