Clock: clk
Sources: clk 
Generated: no
Virtual: yes
Propagated: no
Period: 10.000000

===========================================================================
report_clock_properties
============================================================================
Clock                   Period          Waveform
----------------------------------------------------
clk                  10.000000    0.000000  5.000000

===========================================================================
report_clock_latency
============================================================================
Clock clk
rise -> rise
    min     max
0.000000 0.000000 source latency
0.260186         network latency _118_/CLK
        0.264358 network latency _130_/CLK
---------------
0.260186 0.264358 latency
        0.004172 skew

fall -> fall
    min     max
0.000000 0.000000 source latency
0.238304         network latency _118_/CLK
        0.241834 network latency _130_/CLK
---------------
0.238304 0.241834 latency
        0.003530 skew



===========================================================================
report_clock_min_period
============================================================================
clk period_min = 2.60 fmax = 384.06
