Reading timing models for corner nom_tt_025C_1v80…
Reading timing library for the 'nom_tt_025C_1v80' corner at '/Users/rein/.ciel/ciel/sky130/versions/8afc8346a57fe1ab7934ba5a6056ea8b43078e71/sky130A/libs.ref/sky130_fd_sc_hd/lib/sky130_fd_sc_hd__tt_025C_1v80.lib'…
Reading OpenROAD database at '/Users/rein/projects/htax-verify/impl/runs/RUN_2026-05-15_19-07-52/42-openroad-repairantennas/1-openroad-diodeinsertion/htax.odb'…
Reading design constraints file at '/Users/rein/projects/librelane/librelane/scripts/base.sdc'…
[INFO] Using clock clk…
[INFO] Setting output delay to: 2.0
[INFO] Setting input delay to: 2.0
[INFO] Setting load to: 0.033442
[INFO] Setting clock uncertainty to: 0.25
[INFO] Setting clock transition to: 0.1499999999999999944488848768742172978818416595458984375
[INFO] Setting timing derate to: 5%
[INFO ORD-0030] Using 10 thread(s).
+ detailed_route -droute_end_iter 64 -or_seed 42 -verbose 1 -output_drc /Users/rein/projects/htax-verify/impl/runs/RUN_2026-05-15_19-07-52/44-openroad-detailedrouting/drt-run-0/htax.drc
[INFO DRT-0149] Reading tech and libs.
[WARNING DRT-0349] LEF58_ENCLOSURE with no CUTCLASS is not supported. Skipping for layer mcon
[WARNING DRT-0349] LEF58_ENCLOSURE with no CUTCLASS is not supported. Skipping for layer mcon
[WARNING DRT-0349] LEF58_ENCLOSURE with no CUTCLASS is not supported. Skipping for layer via
[WARNING DRT-0349] LEF58_ENCLOSURE with no CUTCLASS is not supported. Skipping for layer via
[WARNING DRT-0349] LEF58_ENCLOSURE with no CUTCLASS is not supported. Skipping for layer via2
[WARNING DRT-0349] LEF58_ENCLOSURE with no CUTCLASS is not supported. Skipping for layer via2
[WARNING DRT-0349] LEF58_ENCLOSURE with no CUTCLASS is not supported. Skipping for layer via3
[WARNING DRT-0349] LEF58_ENCLOSURE with no CUTCLASS is not supported. Skipping for layer via3
[WARNING DRT-0349] LEF58_ENCLOSURE with no CUTCLASS is not supported. Skipping for layer via4
[WARNING DRT-0349] LEF58_ENCLOSURE with no CUTCLASS is not supported. Skipping for layer via4

Units:                1000
Number of layers:     13
Number of macros:     445
Number of vias:       29
Number of viarulegen: 25

[INFO DRT-0150] Reading design.

Design:                   htax
Die area:                 ( 0 0 ) ( 74095 84815 )
Number of track patterns: 12
Number of DEF vias:       0
Number of components:     319
Number of terminals:      74
Number of snets:          2
Number of nets:           254

[INFO DRT-0167] List of default vias:
  Layer via
    default via: M1M2_PR
  Layer via2
    default via: M2M3_PR
  Layer via3
    default via: M3M4_PR
  Layer via4
    default via: M4M5_PR
[INFO DRT-0162] Library cell analysis.
[INFO DRT-0163] Instance analysis.
[INFO DRT-0164] Number of unique instances = 52.
[INFO DRT-0168] Init region query.
[INFO DRT-0024]   Complete FR_MASTERSLICE.
[INFO DRT-0024]   Complete licon.
[INFO DRT-0024]   Complete li1.
[INFO DRT-0024]   Complete mcon.
[INFO DRT-0024]   Complete met1.
[INFO DRT-0024]   Complete via.
[INFO DRT-0024]   Complete met2.
[INFO DRT-0024]   Complete via2.
[INFO DRT-0024]   Complete met3.
[INFO DRT-0024]   Complete via3.
[INFO DRT-0024]   Complete met4.
[INFO DRT-0024]   Complete via4.
[INFO DRT-0024]   Complete met5.
[INFO DRT-0033] FR_MASTERSLICE shape region query size = 0.
[INFO DRT-0033] licon shape region query size = 0.
[INFO DRT-0033] li1 shape region query size = 8608.
[INFO DRT-0033] mcon shape region query size = 0.
[INFO DRT-0033] met1 shape region query size = 1242.
[INFO DRT-0033] via shape region query size = 120.
[INFO DRT-0033] met2 shape region query size = 104.
[INFO DRT-0033] via2 shape region query size = 96.
[INFO DRT-0033] met3 shape region query size = 112.
[INFO DRT-0033] via3 shape region query size = 96.
[INFO DRT-0033] met4 shape region query size = 30.
[INFO DRT-0033] via4 shape region query size = 2.
[INFO DRT-0033] met5 shape region query size = 6.
[INFO DRT-0165] Start pin access.
[INFO DRT-0078]   Complete 339 pins.
[INFO DRT-0081]   Complete 52 unique inst patterns.
[INFO DRT-0084]   Complete 133 groups.
#scanned instances     = 319
#unique  instances     = 52
#stdCellGenAp          = 1107
#stdCellValidPlanarAp  = 28
#stdCellValidViaAp     = 757
#stdCellPinNoAp        = 0
#stdCellPinCnt         = 610
#instTermValidViaApCnt = 0
#macroGenAp            = 0
#macroValidPlanarAp    = 0
#macroValidViaAp       = 0
#macroNoAp             = 0
[INFO DRT-0166] Complete pin access.
[INFO DRT-0267] cpu time = 00:00:10, elapsed time = 00:00:01, memory = 115.27 (MB), peak = 115.27 (MB)

[INFO DRT-0157] Number of guides:     1484

[INFO DRT-0169] Post process guides.
[INFO DRT-0176] GCELLGRID X 0 DO 10 STEP 6900 ;
[INFO DRT-0177] GCELLGRID Y 0 DO 12 STEP 6900 ;
[INFO DRT-0028]   Complete FR_MASTERSLICE.
[INFO DRT-0028]   Complete licon.
[INFO DRT-0028]   Complete li1.
[INFO DRT-0028]   Complete mcon.
[INFO DRT-0028]   Complete met1.
[INFO DRT-0028]   Complete via.
[INFO DRT-0028]   Complete met2.
[INFO DRT-0028]   Complete via2.
[INFO DRT-0028]   Complete met3.
[INFO DRT-0028]   Complete via3.
[INFO DRT-0028]   Complete met4.
[INFO DRT-0028]   Complete via4.
[INFO DRT-0028]   Complete met5.
[INFO DRT-0178] Init guide query.
[INFO DRT-0035]   Complete FR_MASTERSLICE (guide).
[INFO DRT-0035]   Complete licon (guide).
[INFO DRT-0035]   Complete li1 (guide).
[INFO DRT-0035]   Complete mcon (guide).
[INFO DRT-0035]   Complete met1 (guide).
[INFO DRT-0035]   Complete via (guide).
[INFO DRT-0035]   Complete met2 (guide).
[INFO DRT-0035]   Complete via2 (guide).
[INFO DRT-0035]   Complete met3 (guide).
[INFO DRT-0035]   Complete via3 (guide).
[INFO DRT-0035]   Complete met4 (guide).
[INFO DRT-0035]   Complete via4 (guide).
[INFO DRT-0035]   Complete met5 (guide).
[INFO DRT-0036] FR_MASTERSLICE guide region query size = 0.
[INFO DRT-0036] licon guide region query size = 0.
[INFO DRT-0036] li1 guide region query size = 479.
[INFO DRT-0036] mcon guide region query size = 0.
[INFO DRT-0036] met1 guide region query size = 433.
[INFO DRT-0036] via guide region query size = 0.
[INFO DRT-0036] met2 guide region query size = 236.
[INFO DRT-0036] via2 guide region query size = 0.
[INFO DRT-0036] met3 guide region query size = 48.
[INFO DRT-0036] via3 guide region query size = 0.
[INFO DRT-0036] met4 guide region query size = 2.
[INFO DRT-0036] via4 guide region query size = 0.
[INFO DRT-0036] met5 guide region query size = 0.
[INFO DRT-0179] Init gr pin query.
[INFO DRT-0267] cpu time = 00:00:00, elapsed time = 00:00:00, memory = 115.91 (MB), peak = 115.91 (MB)
[INFO DRT-0245] skipped writing guide updates to database.
[INFO DRT-0185] Post process initialize RPin region query.
[INFO DRT-0181] Start track assignment.
[INFO DRT-0184] Done with 717 vertical wires in 1 frboxes and 481 horizontal wires in 1 frboxes.
[INFO DRT-0186] Done with 68 vertical wires in 1 frboxes and 120 horizontal wires in 1 frboxes.
[INFO DRT-0182] Complete track assignment.
[INFO DRT-0267] cpu time = 00:00:00, elapsed time = 00:00:00, memory = 118.56 (MB), peak = 118.56 (MB)
[INFO DRT-0187] Start routing data preparation.
[INFO DRT-0267] cpu time = 00:00:00, elapsed time = 00:00:00, memory = 118.61 (MB), peak = 118.61 (MB)
[INFO DRT-0194] Start detail routing.
[INFO DRT-0195] Start 0th optimization iteration.
    Completing 20% with 0 violations.
    elapsed time = 00:00:00, memory = 142.45 (MB).
    Completing 50% with 7 violations.
    elapsed time = 00:00:00, memory = 142.59 (MB).
    Completing 70% with 11 violations.
    elapsed time = 00:00:00, memory = 142.64 (MB).
    Completing 100% with 14 violations.
    elapsed time = 00:00:00, memory = 142.70 (MB).
[INFO DRT-0199]   Number of violations = 22.
Viol/Layer        met1   met2
Metal Spacing        5      0
Recheck              6      2
Short                9      0
[INFO DRT-0267] cpu time = 00:00:00, elapsed time = 00:00:00, memory = 379.59 (MB), peak = 417.98 (MB)
Total wire length = 5328 um.
Total wire length on LAYER li1 = 0 um.
Total wire length on LAYER met1 = 2153 um.
Total wire length on LAYER met2 = 2498 um.
Total wire length on LAYER met3 = 617 um.
Total wire length on LAYER met4 = 57 um.
Total wire length on LAYER met5 = 0 um.
Total number of vias = 1260.
Up-via summary (total 1260):

-----------------------
 FR_MASTERSLICE       0
            li1     585
           met1     623
           met2      48
           met3       4
           met4       0
-----------------------
               1260


[INFO DRT-0195] Start 1st optimization iteration.
    Completing 20% with 22 violations.
    elapsed time = 00:00:00, memory = 383.70 (MB).
    Completing 50% with 18 violations.
    elapsed time = 00:00:00, memory = 389.97 (MB).
    Completing 70% with 12 violations.
    elapsed time = 00:00:00, memory = 389.98 (MB).
    Completing 100% with 5 violations.
    elapsed time = 00:00:00, memory = 397.89 (MB).
[INFO DRT-0199]   Number of violations = 5.
Viol/Layer        met1   met2
Metal Spacing        1      1
Short                3      0
[INFO DRT-0267] cpu time = 00:00:00, elapsed time = 00:00:00, memory = 424.98 (MB), peak = 424.98 (MB)
Total wire length = 5332 um.
Total wire length on LAYER li1 = 0 um.
Total wire length on LAYER met1 = 2155 um.
Total wire length on LAYER met2 = 2500 um.
Total wire length on LAYER met3 = 616 um.
Total wire length on LAYER met4 = 60 um.
Total wire length on LAYER met5 = 0 um.
Total number of vias = 1228.
Up-via summary (total 1228):

-----------------------
 FR_MASTERSLICE       0
            li1     577
           met1     599
           met2      48
           met3       4
           met4       0
-----------------------
               1228


[INFO DRT-0195] Start 2nd optimization iteration.
    Completing 10% with 5 violations.
    elapsed time = 00:00:00, memory = 425.02 (MB).
    Completing 20% with 5 violations.
    elapsed time = 00:00:00, memory = 425.02 (MB).
    Completing 30% with 5 violations.
    elapsed time = 00:00:00, memory = 425.02 (MB).
    Completing 40% with 5 violations.
    elapsed time = 00:00:00, memory = 425.02 (MB).
    Completing 50% with 5 violations.
    elapsed time = 00:00:00, memory = 425.02 (MB).
    Completing 60% with 5 violations.
    elapsed time = 00:00:00, memory = 425.02 (MB).
    Completing 70% with 5 violations.
    elapsed time = 00:00:00, memory = 425.02 (MB).
    Completing 80% with 5 violations.
    elapsed time = 00:00:00, memory = 425.28 (MB).
    Completing 100% with 2 violations.
    elapsed time = 00:00:00, memory = 449.30 (MB).
[INFO DRT-0199]   Number of violations = 2.
Viol/Layer        met1
Metal Spacing        2
[INFO DRT-0267] cpu time = 00:00:00, elapsed time = 00:00:00, memory = 449.41 (MB), peak = 449.41 (MB)
Total wire length = 5321 um.
Total wire length on LAYER li1 = 0 um.
Total wire length on LAYER met1 = 2115 um.
Total wire length on LAYER met2 = 2513 um.
Total wire length on LAYER met3 = 631 um.
Total wire length on LAYER met4 = 61 um.
Total wire length on LAYER met5 = 0 um.
Total number of vias = 1231.
Up-via summary (total 1231):

-----------------------
 FR_MASTERSLICE       0
            li1     578
           met1     599
           met2      50
           met3       4
           met4       0
-----------------------
               1231


[INFO DRT-0195] Start 3rd guides tiles iteration.
    Completing 50% with 2 violations.
    elapsed time = 00:00:00, memory = 449.48 (MB).
    Completing 100% with 0 violations.
    elapsed time = 00:00:00, memory = 449.48 (MB).
[INFO DRT-0199]   Number of violations = 0.
[INFO DRT-0267] cpu time = 00:00:00, elapsed time = 00:00:00, memory = 449.48 (MB), peak = 449.48 (MB)
Total wire length = 5323 um.
Total wire length on LAYER li1 = 0 um.
Total wire length on LAYER met1 = 2115 um.
Total wire length on LAYER met2 = 2516 um.
Total wire length on LAYER met3 = 631 um.
Total wire length on LAYER met4 = 61 um.
Total wire length on LAYER met5 = 0 um.
Total number of vias = 1233.
Up-via summary (total 1233):

-----------------------
 FR_MASTERSLICE       0
            li1     578
           met1     601
           met2      50
           met3       4
           met4       0
-----------------------
               1233


[INFO DRT-0198] Complete detail routing.
Total wire length = 5323 um.
Total wire length on LAYER li1 = 0 um.
Total wire length on LAYER met1 = 2115 um.
Total wire length on LAYER met2 = 2516 um.
Total wire length on LAYER met3 = 631 um.
Total wire length on LAYER met4 = 61 um.
Total wire length on LAYER met5 = 0 um.
Total number of vias = 1233.
Up-via summary (total 1233):

-----------------------
 FR_MASTERSLICE       0
            li1     578
           met1     601
           met2      50
           met3       4
           met4       0
-----------------------
               1233


[INFO DRT-0267] cpu time = 00:00:02, elapsed time = 00:00:02, memory = 449.56 (MB), peak = 449.56 (MB)

[INFO DRT-0180] Post processing.
+ check_antennas 
[INFO ANT-0002] Found 0 net violations.
[INFO ANT-0001] Found 0 pin violations.
Setting global connections for newly added cells…
[INFO] Setting global connections...
[INFO ODB-0403] 0 connections made, 0 conflicts skipped.
Updating metrics…
Cell type report:                       Count       Area
  Fill cell                                46     172.67
  Tap cell                                 50      62.56
  Clock buffer                             16     277.77
  Timing Repair Buffer                    114    1131.08
  Inverter                                  3      11.26
  Sequential cell                          38     998.46
  Multi-Input combinational cell           52     580.56
  Total                                   319    3234.35
Writing OpenROAD database to '/Users/rein/projects/htax-verify/impl/runs/RUN_2026-05-15_19-07-52/44-openroad-detailedrouting/htax.odb'…
Writing netlist to '/Users/rein/projects/htax-verify/impl/runs/RUN_2026-05-15_19-07-52/44-openroad-detailedrouting/htax.nl.v'…
Writing powered netlist to '/Users/rein/projects/htax-verify/impl/runs/RUN_2026-05-15_19-07-52/44-openroad-detailedrouting/htax.pnl.v'…
Writing layout to '/Users/rein/projects/htax-verify/impl/runs/RUN_2026-05-15_19-07-52/44-openroad-detailedrouting/htax.def'…
Writing timing constraints to '/Users/rein/projects/htax-verify/impl/runs/RUN_2026-05-15_19-07-52/44-openroad-detailedrouting/htax.sdc'…
