Clock: clk
Sources: clk 
Generated: no
Virtual: yes
Propagated: no
Period: 10.000000

===========================================================================
report_clock_properties
============================================================================
Clock                   Period          Waveform
----------------------------------------------------
clk                  10.000000    0.000000  5.000000

===========================================================================
report_clock_latency
============================================================================
Clock clk
rise -> rise
    min     max
0.000000 0.000000 source latency
0.658082         network latency _118_/CLK
        0.666884 network latency _119_/CLK
---------------
0.658082 0.666884 latency
        0.008802 skew

fall -> fall
    min     max
0.000000 0.000000 source latency
0.627403         network latency _118_/CLK
        0.634540 network latency _119_/CLK
---------------
0.627403 0.634540 latency
        0.007137 skew



===========================================================================
report_clock_min_period
============================================================================
clk period_min = 7.99 fmax = 125.14
