
 /----------------------------------------------------------------------------\
 |  yosys -- Yosys Open SYnthesis Suite                                       |
 |  Copyright (C) 2012 - 2026  Claire Xenia Wolf <claire@yosyshq.com>         |
 |  Distributed under an ISC-like license, type "license" to see terms        |
 \----------------------------------------------------------------------------/
 Yosys 0.62 (git sha1 7326bb7d6641500ecb285c291a54a662cb1e76cf, clang++ 21.1.2 -fPIC -O3)

-- Executing script file `design_smt2.ys' --

1. Executing RTLIL frontend.
Input filename: design_prep.il

2. Executing HIERARCHY pass (managing design hierarchy).
Attribute `top' found on module `htax'. Setting top module to htax.

2.1. Analyzing design hierarchy..
Top module:  \htax

2.2. Analyzing design hierarchy..
Top module:  \htax
Removed 0 unused modules.
Module htax directly or indirectly contains formal properties -> setting "keep" attribute.

3. Executing FORMALFF pass.

4. Executing DFFUNMAP pass (unmap clock enable and synchronous reset from FFs).

5. Printing statistics.

=== htax ===

        +----------Local Count, excluding submodules.
        | 
       58 wires
      332 wire bits
       21 public wires
      184 public wire bits
        8 ports
       72 port bits
       56 cells
        1   $add
        8   $anyinit
        1   $assert
        4   $assume
        1   $eq
        2   $ff
        1   $initstate
        1   $le
        5   $logic_and
        3   $logic_not
        1   $lt
       22   $mux
        2   $not
        2   $pmux
        1   $reduce_bool
        1   $sub

6. Executing SMT2 backend.

6.1. Executing BMUXMAP pass.

6.2. Executing DEMUXMAP pass.
Creating SMT-LIBv2 representation of module htax.

End of script. Logfile hash: 8b943e627b, CPU: user 0.01s system 0.00s, MEM: 24.41 MB peak
Yosys 0.62 (git sha1 7326bb7d6641500ecb285c291a54a662cb1e76cf, clang++ 21.1.2 -fPIC -O3)
Time spent: 63% 2x write_smt2 (0 sec), 18% 2x read_rtlil (0 sec), ...
