Clock: clk
Sources: clk 
Generated: no
Virtual: no
Propagated: no
Period: 10.000000

===========================================================================
report_clock_properties
============================================================================
Clock                   Period          Waveform
----------------------------------------------------
clk                  10.000000    0.000000  5.000000

===========================================================================
report_clock_latency
============================================================================
Clock clk
rise -> rise
    min     max
0.000000 0.000000 source latency
0.223052         network latency _109_/CLK
        0.223052 network latency _109_/CLK
---------------
0.223052 0.223052 latency
        0.000000 skew

fall -> fall
    min     max
0.000000 0.000000 source latency
0.105014         network latency _109_/CLK
        0.105014 network latency _109_/CLK
---------------
0.105014 0.105014 latency
        0.000000 skew



===========================================================================
report_clock_min_period
============================================================================
clk period_min = 0.00 fmax = inf
