Clock: clk
Sources: clk 
Generated: no
Virtual: yes
Propagated: no
Period: 10.000000

===========================================================================
report_clock_properties
============================================================================
Clock                   Period          Waveform
----------------------------------------------------
clk                  10.000000    0.000000  5.000000

===========================================================================
report_clock_latency
============================================================================
Clock clk
rise -> rise
    min     max
0.000000 0.000000 source latency
0.375391         network latency _118_/CLK
        0.381273 network latency _119_/CLK
---------------
0.375391 0.381273 latency
        0.005882 skew

fall -> fall
    min     max
0.000000 0.000000 source latency
0.348864         network latency _118_/CLK
        0.353721 network latency _119_/CLK
---------------
0.348864 0.353721 latency
        0.004857 skew



===========================================================================
report_clock_min_period
============================================================================
clk period_min = 3.95 fmax = 253.04
