[WARNING ORD-0039] .openroad ignored with -python
                                Cells by Master                                 
┏━━━━━━━━━━━━━━━━━━━━━━━━━━━━━━━━━━━━━━━━━━━━━━━━━━━━━━━━━━━━━━━━┳━━━━━━━━━━━━━┓
┃ Cell                                                           ┃ Count       ┃
┡━━━━━━━━━━━━━━━━━━━━━━━━━━━━━━━━━━━━━━━━━━━━━━━━━━━━━━━━━━━━━━━━╇━━━━━━━━━━━━━┩
│ sky130_fd_sc_hd__a21o_2                                        │ 2           │
│ sky130_fd_sc_hd__a2bb2o_2                                      │ 1           │
│ sky130_fd_sc_hd__and2_2                                        │ 2           │
│ sky130_fd_sc_hd__and3_2                                        │ 1           │
│ sky130_fd_sc_hd__buf_4                                         │ 1           │
│ sky130_fd_sc_hd__clkbuf_16                                     │ 9           │
│ sky130_fd_sc_hd__clkbuf_2                                      │ 1           │
│ sky130_fd_sc_hd__clkbuf_4                                      │ 8           │
│ sky130_fd_sc_hd__clkdlybuf4s25_1                               │ 77          │
│ sky130_fd_sc_hd__decap_3                                       │ 184         │
│ sky130_fd_sc_hd__dfrtp_2                                       │ 37          │
│ sky130_fd_sc_hd__dfstp_2                                       │ 1           │
│ sky130_fd_sc_hd__dlygate4sd3_1                                 │ 34          │
│ sky130_fd_sc_hd__fill_1                                        │ 62          │
│ sky130_fd_sc_hd__fill_2                                        │ 45          │
│ sky130_fd_sc_hd__inv_2                                         │ 3           │
│ sky130_fd_sc_hd__mux2_1                                        │ 34          │
│ sky130_fd_sc_hd__nand2b_2                                      │ 1           │
│ sky130_fd_sc_hd__nor2_2                                        │ 2           │
│ sky130_fd_sc_hd__o21a_2                                        │ 1           │
│ sky130_fd_sc_hd__o21ba_2                                       │ 1           │
│ sky130_fd_sc_hd__or4_2                                         │ 1           │
│ sky130_fd_sc_hd__tapvpwrvgnd_1                                 │ 50          │
│ sky130_fd_sc_hd__xnor2_2                                       │ 5           │
│ sky130_fd_sc_hd__xor2_2                                        │ 1           │
└────────────────────────────────────────────────────────────────┴─────────────┘
                               Cells by Function                                
┏━━━━━━━━━━━━━━━━━━━━━━━━━━━━━━━━━━━━━━━━━━━━━━━━━━━━━━━━━━━━━━━━┳━━━━━━━━━━━━━┓
┃ Cell Function                                                  ┃ Count       ┃
┡━━━━━━━━━━━━━━━━━━━━━━━━━━━━━━━━━━━━━━━━━━━━━━━━━━━━━━━━━━━━━━━━╇━━━━━━━━━━━━━┩
│ sky130_fd_sc_hd__a21o                                          │ 2           │
│ sky130_fd_sc_hd__a2bb2o                                        │ 1           │
│ sky130_fd_sc_hd__and2                                          │ 2           │
│ sky130_fd_sc_hd__and3                                          │ 1           │
│ sky130_fd_sc_hd__buf                                           │ 1           │
│ sky130_fd_sc_hd__clkbuf                                        │ 18          │
│ sky130_fd_sc_hd__clkdlybuf4s25                                 │ 77          │
│ sky130_fd_sc_hd__decap                                         │ 184         │
│ sky130_fd_sc_hd__dfrtp                                         │ 37          │
│ sky130_fd_sc_hd__dfstp                                         │ 1           │
│ sky130_fd_sc_hd__dlygate4sd3                                   │ 34          │
│ sky130_fd_sc_hd__fill                                          │ 107         │
│ sky130_fd_sc_hd__inv                                           │ 3           │
│ sky130_fd_sc_hd__mux2                                          │ 34          │
│ sky130_fd_sc_hd__nand2b                                        │ 1           │
│ sky130_fd_sc_hd__nor2                                          │ 2           │
│ sky130_fd_sc_hd__o21a                                          │ 1           │
│ sky130_fd_sc_hd__o21ba                                         │ 1           │
│ sky130_fd_sc_hd__or4                                           │ 1           │
│ sky130_fd_sc_hd__tapvpwrvgnd                                   │ 50          │
│ sky130_fd_sc_hd__xnor2                                         │ 5           │
│ sky130_fd_sc_hd__xor2                                          │ 1           │
└────────────────────────────────────────────────────────────────┴─────────────┘
                                  Cells by SCL                                  
┏━━━━━━━━━━━━━━━━━━━━━━━━━━━━━━━━━━━━━━━━━━━━━━━━━━━━━━━┳━━━━━━━━━━━━━━━━━━━━━━┓
┃ SCL                                                   ┃ Count                ┃
┡━━━━━━━━━━━━━━━━━━━━━━━━━━━━━━━━━━━━━━━━━━━━━━━━━━━━━━━╇━━━━━━━━━━━━━━━━━━━━━━┩
│ sky130_fd_sc_hd                                       │ 564                  │
└───────────────────────────────────────────────────────┴──────────────────────┘
                             Buffers by Cell Master                             
┏━━━━━━━━━━━━━━━━━━━━━━━━━━━━━━━━━━━━━━━━━━━━━━━━━━━━━━━━━━━━━━━━┳━━━━━━━━━━━━━┓
┃ Buffer                                                         ┃ Count       ┃
┡━━━━━━━━━━━━━━━━━━━━━━━━━━━━━━━━━━━━━━━━━━━━━━━━━━━━━━━━━━━━━━━━╇━━━━━━━━━━━━━┩
│ sky130_fd_sc_hd__buf_4                                         │ 1           │
│ sky130_fd_sc_hd__clkbuf_16                                     │ 9           │
│ sky130_fd_sc_hd__clkbuf_2                                      │ 1           │
│ sky130_fd_sc_hd__clkbuf_4                                      │ 8           │
│ sky130_fd_sc_hd__clkdlybuf4s25_1                               │ 77          │
│ sky130_fd_sc_hd__dlygate4sd3_1                                 │ 34          │
└────────────────────────────────────────────────────────────────┴─────────────┘
