
===========================================================================
report_checks -unconstrained
===========================================================================
======================= nom_tt_025C_1v80 Corner ===================================

Startpoint: rst_n (input port clocked by clk)
Endpoint: _118_ (recovery check against rising-edge clock clk)
Path Group: asynchronous
Path Type: max

Fanout         Cap        Slew       Delay        Time   Description
---------------------------------------------------------------------------------------------
                                  0.000000    0.000000   clock clk (rise edge)
                                  0.000000    0.000000   clock network delay (propagated)
                                  2.000000    2.000000 ^ input external delay
     1    0.003401    0.022333    0.012399    2.012398 ^ rst_n (in)
                                                         rst_n (net)
                      0.022333    0.000000    2.012398 ^ input1/A (sky130_fd_sc_hd__clkdlybuf4s25_1)
     1    0.002768    0.045251    0.234615    2.247014 ^ input1/X (sky130_fd_sc_hd__clkdlybuf4s25_1)
                                                         net1 (net)
                      0.045251    0.000006    2.247020 ^ fanout80/A (sky130_fd_sc_hd__clkdlybuf4s25_1)
     6    0.026727    0.272544    0.408170    2.655189 ^ fanout80/X (sky130_fd_sc_hd__clkdlybuf4s25_1)
                                                         net80 (net)
                      0.272544    0.000120    2.655309 ^ fanout77/A (sky130_fd_sc_hd__clkdlybuf4s25_1)
     6    0.024407    0.250189    0.455025    3.110334 ^ fanout77/X (sky130_fd_sc_hd__clkdlybuf4s25_1)
                                                         net77 (net)
                      0.250189    0.000282    3.110616 ^ load_slew78/A (sky130_fd_sc_hd__clkbuf_2)
     5    0.022052    0.126591    0.224502    3.335118 ^ load_slew78/X (sky130_fd_sc_hd__clkbuf_2)
                                                         net78 (net)
                      0.126591    0.000296    3.335414 ^ _118_/RESET_B (sky130_fd_sc_hd__dfrtp_2)
                                              3.335414   data arrival time

                                 10.000000   10.000000   clock clk (rise edge)
                                  0.000000   10.000000   clock source latency
     1    0.012166    0.061004    0.041058   10.041058 ^ clk (in)
                                                         clk (net)
                      0.061006    0.000000   10.041058 ^ clkbuf_0_clk/A (sky130_fd_sc_hd__clkbuf_16)
     8    0.073857    0.090989    0.173094   10.214152 ^ clkbuf_0_clk/X (sky130_fd_sc_hd__clkbuf_16)
                                                         clknet_0_clk (net)
                      0.090990    0.000496   10.214648 ^ clkbuf_3_7__f_clk/A (sky130_fd_sc_hd__clkbuf_16)
     5    0.011840    0.034938    0.134581   10.349229 ^ clkbuf_3_7__f_clk/X (sky130_fd_sc_hd__clkbuf_16)
                                                         clknet_3_7__leaf_clk (net)
                      0.034938    0.000014   10.349243 ^ _118_/CLK (sky130_fd_sc_hd__dfrtp_2)
                                 -0.250000   10.099243   clock uncertainty
                                  0.000000   10.099243   clock reconvergence pessimism
                                  0.191707   10.290951   library recovery time
                                             10.290951   data required time
---------------------------------------------------------------------------------------------
                                             10.290951   data required time
                                             -3.335414   data arrival time
---------------------------------------------------------------------------------------------
                                              6.955537   slack (MET)


Startpoint: rst_n (input port clocked by clk)
Endpoint: tx_ready (output port clocked by clk)
Path Group: clk
Path Type: max

Fanout         Cap        Slew       Delay        Time   Description
---------------------------------------------------------------------------------------------
                                  0.000000    0.000000   clock clk (rise edge)
                                  0.000000    0.000000   clock network delay (propagated)
                                  2.000000    2.000000 ^ input external delay
     1    0.003401    0.022333    0.012399    2.012398 ^ rst_n (in)
                                                         rst_n (net)
                      0.022333    0.000000    2.012398 ^ input1/A (sky130_fd_sc_hd__clkdlybuf4s25_1)
     1    0.002768    0.045251    0.234615    2.247014 ^ input1/X (sky130_fd_sc_hd__clkdlybuf4s25_1)
                                                         net1 (net)
                      0.045251    0.000006    2.247020 ^ fanout80/A (sky130_fd_sc_hd__clkdlybuf4s25_1)
     6    0.026727    0.272544    0.408170    2.655189 ^ fanout80/X (sky130_fd_sc_hd__clkdlybuf4s25_1)
                                                         net80 (net)
                      0.272544    0.000120    2.655309 ^ fanout77/A (sky130_fd_sc_hd__clkdlybuf4s25_1)
     6    0.024407    0.250189    0.455025    3.110334 ^ fanout77/X (sky130_fd_sc_hd__clkdlybuf4s25_1)
                                                         net77 (net)
                      0.250189    0.000282    3.110616 ^ load_slew78/A (sky130_fd_sc_hd__clkbuf_2)
     5    0.022052    0.126591    0.224502    3.335118 ^ load_slew78/X (sky130_fd_sc_hd__clkbuf_2)
                                                         net78 (net)
                      0.126591    0.000234    3.335352 ^ _058_/B (sky130_fd_sc_hd__and3_2)
     2    0.004718    0.052737    0.195113    3.530466 ^ _058_/X (sky130_fd_sc_hd__and3_2)
                                                         net68 (net)
                      0.052737    0.000012    3.530478 ^ output68/A (sky130_fd_sc_hd__clkdlybuf4s25_1)
     1    0.034473    0.347686    0.463765    3.994243 ^ output68/X (sky130_fd_sc_hd__clkdlybuf4s25_1)
                                                         tx_ready (net)
                      0.347686    0.000184    3.994427 ^ tx_ready (out)
                                              3.994427   data arrival time

                                 10.000000   10.000000   clock clk (rise edge)
                                  0.000000   10.000000   clock network delay (propagated)
                                 -0.250000    9.750000   clock uncertainty
                                  0.000000    9.750000   clock reconvergence pessimism
                                 -2.000000    7.750000   output external delay
                                              7.750000   data required time
---------------------------------------------------------------------------------------------
                                              7.750000   data required time
                                             -3.994427   data arrival time
---------------------------------------------------------------------------------------------
                                              3.755573   slack (MET)




===========================================================================
report_checks --slack_max -0.01
============================================================================
======================= nom_tt_025C_1v80 Corner ===================================

No paths found.


===========================================================================
 report_check_types -max_slew -max_cap -max_fanout -violators
============================================================================
======================= nom_tt_025C_1v80 Corner ===================================



===========================================================================
report_parasitic_annotation -report_unannotated
============================================================================
Found 10 unannotated drivers.
 tx_vc[0]
 tx_vc[1]
 tx_vc[2]
 clkload0/X
 clkload1/X
 clkload2/X
 clkload3/X
 clkload4/X
 clkload5/X
 clkload6/X
Found 0 partially unannotated drivers.

===========================================================================
max slew violation count 0
Writing metric design__max_slew_violation__count__corner:nom_tt_025C_1v80: 0
max fanout violation count 0
Writing metric design__max_fanout_violation__count__corner:nom_tt_025C_1v80: 0
max cap violation count 0
Writing metric design__max_cap_violation__count__corner:nom_tt_025C_1v80: 0
============================================================================

===========================================================================
check_setup -verbose -unconstrained_endpoints -multiple_clock -no_clock -no_input_delay -loops -generated_clocks
===========================================================================
