Clock: clk
Sources: clk 
Generated: no
Virtual: yes
Propagated: no
Period: 10.000000

===========================================================================
report_clock_properties
============================================================================
Clock                   Period          Waveform
----------------------------------------------------
clk                  10.000000    0.000000  5.000000

===========================================================================
report_clock_latency
============================================================================
Clock clk
rise -> rise
    min     max
0.000000 0.000000 source latency
0.383161         network latency _118_/CLK
        0.389282 network latency _130_/CLK
---------------
0.383161 0.389282 latency
        0.006121 skew

fall -> fall
    min     max
0.000000 0.000000 source latency
0.354679         network latency _118_/CLK
        0.359856 network latency _130_/CLK
---------------
0.354679 0.359856 latency
        0.005177 skew



===========================================================================
report_clock_min_period
============================================================================
clk period_min = 4.00 fmax = 250.21
