Clock: clk
Sources: clk 
Generated: no
Virtual: yes
Propagated: no
Period: 10.000000

===========================================================================
report_clock_properties
============================================================================
Clock                   Period          Waveform
----------------------------------------------------
clk                  10.000000    0.000000  5.000000

===========================================================================
report_clock_latency
============================================================================
Clock clk
rise -> rise
    min     max
0.000000 0.000000 source latency
0.646911         network latency _118_/CLK
        0.655937 network latency _119_/CLK
---------------
0.646911 0.655937 latency
        0.009026 skew

fall -> fall
    min     max
0.000000 0.000000 source latency
0.619125         network latency _118_/CLK
        0.626472 network latency _119_/CLK
---------------
0.619125 0.626472 latency
        0.007347 skew



===========================================================================
report_clock_min_period
============================================================================
clk period_min = 7.91 fmax = 126.48
