Clock: clk
Sources: clk 
Generated: no
Virtual: yes
Propagated: no
Period: 10.000000

===========================================================================
report_clock_properties
============================================================================
Clock                   Period          Waveform
----------------------------------------------------
clk                  10.000000    0.000000  5.000000

===========================================================================
report_clock_latency
============================================================================
Clock clk
rise -> rise
    min     max
0.000000 0.000000 source latency
0.255965         network latency _118_/CLK
        0.259906 network latency _119_/CLK
---------------
0.255965 0.259906 latency
        0.003941 skew

fall -> fall
    min     max
0.000000 0.000000 source latency
0.235178         network latency _118_/CLK
        0.238462 network latency _119_/CLK
---------------
0.235178 0.238462 latency
        0.003284 skew



===========================================================================
report_clock_min_period
============================================================================
clk period_min = 2.57 fmax = 388.93
