Reading timing models for corner nom_tt_025C_1v80…
Reading timing library for the 'nom_tt_025C_1v80' corner at '/Users/rein/.ciel/ciel/sky130/versions/8afc8346a57fe1ab7934ba5a6056ea8b43078e71/sky130A/libs.ref/sky130_fd_sc_hd/lib/sky130_fd_sc_hd__tt_025C_1v80.lib'…
Reading OpenROAD database at '/Users/rein/projects/htax-verify/impl/runs/RUN_2026-05-15_19-07-52/16-odb-setpowerconnections/htax.odb'…
Reading design constraints file at '/Users/rein/projects/librelane/librelane/scripts/base.sdc'…
[INFO] Using clock clk…
[INFO] Setting output delay to: 2.0
[INFO] Setting input delay to: 2.0
[INFO] Setting load to: 0.033442
[INFO] Setting clock uncertainty to: 0.25
[INFO] Setting clock transition to: 0.1499999999999999944488848768742172978818416595458984375
[INFO] Setting timing derate to: 5%
+ cut_rows -halo_width_x 10 -halo_width_y 10 -endcap_master sky130_fd_sc_hd__decap_3
Setting global connections for newly added cells…
[INFO] Setting global connections...
[INFO ODB-0403] 0 connections made, 0 conflicts skipped.
Updating metrics…
Cell type report:                       Count       Area
  Inverter                                  3      11.26
  Sequential cell                          38     998.46
  Multi-Input combinational cell           52     580.56
  Total                                    93    1590.28
Writing OpenROAD database to '/Users/rein/projects/htax-verify/impl/runs/RUN_2026-05-15_19-07-52/18-openroad-cutrows/htax.odb'…
Writing layout to '/Users/rein/projects/htax-verify/impl/runs/RUN_2026-05-15_19-07-52/18-openroad-cutrows/htax.def'…
