Clock: clk
Sources: clk 
Generated: no
Virtual: yes
Propagated: no
Period: 10.000000

===========================================================================
report_clock_properties
============================================================================
Clock                   Period          Waveform
----------------------------------------------------
clk                  10.000000    0.000000  5.000000

===========================================================================
report_clock_latency
============================================================================
Clock clk
rise -> rise
    min     max
0.000000 0.000000 source latency
0.354902         network latency _118_/CLK
        0.360595 network latency _140_/CLK
---------------
0.354902 0.360595 latency
        0.005693 skew

fall -> fall
    min     max
0.000000 0.000000 source latency
0.336471         network latency _118_/CLK
        0.341215 network latency _140_/CLK
---------------
0.336471 0.341215 latency
        0.004744 skew



===========================================================================
report_clock_min_period
============================================================================
clk period_min = 3.80 fmax = 263.17
