144. Printing statistics.

=== htax ===

        +----------Local Count, excluding submodules.
        |        +-Local Area, excluding submodules.
        |        | 
       68        - wires
      144        - wire bits
       10        - public wires
       77        - public wire bits
        8        - ports
       72        - port bits
       99  998.458 cells
        8        -   $_ANDNOT_
        1        -   $_AND_
       38        -   $_MUX_
        1        -   $_NOR_
        3        -   $_NOT_
        2        -   $_ORNOT_
        2        -   $_OR_
        2        -   $_XNOR_
        4        -   $_XOR_
       37  972.182   sky130_fd_sc_hd__dfrtp_2
        1   26.275   sky130_fd_sc_hd__dfstp_2

   Area for cell type $_ANDNOT_ is unknown!
   Area for cell type $_AND_ is unknown!
   Area for cell type $_MUX_ is unknown!
   Area for cell type $_NOR_ is unknown!
   Area for cell type $_NOT_ is unknown!
   Area for cell type $_ORNOT_ is unknown!
   Area for cell type $_OR_ is unknown!
   Area for cell type $_XNOR_ is unknown!
   Area for cell type $_XOR_ is unknown!

   Chip area for module '\htax': 998.457600
     of which used for sequential elements: 998.457600 (100.00%)

