138. Printing statistics.

=== htax ===

        +----------Local Count, excluding submodules.
        | 
       31 wires
      107 wire bits
       10 public wires
       77 public wire bits
        8 ports
       72 port bits
       62 cells
        8   $_ANDNOT_
        1   $_AND_
       36   $_DFFE_PN0P_
        1   $_DFFE_PN1P_
        1   $_DFF_PN0_
        1   $_MUX_
        1   $_NOR_
        3   $_NOT_
        2   $_ORNOT_
        2   $_OR_
        2   $_XNOR_
        4   $_XOR_

   Area for cell type $_ANDNOT_ is unknown!
   Area for cell type $_AND_ is unknown!
   Area for cell type $_DFFE_PN0P_ is unknown!
   Area for cell type $_DFFE_PN1P_ is unknown!
   Area for cell type $_DFF_PN0_ is unknown!
   Area for cell type $_MUX_ is unknown!
   Area for cell type $_NOR_ is unknown!
   Area for cell type $_NOT_ is unknown!
   Area for cell type $_ORNOT_ is unknown!
   Area for cell type $_OR_ is unknown!
   Area for cell type $_XNOR_ is unknown!
   Area for cell type $_XOR_ is unknown!

