Reading timing models for corner nom_tt_025C_1v80…
Reading timing library for the 'nom_tt_025C_1v80' corner at '/Users/rein/.ciel/ciel/sky130/versions/8afc8346a57fe1ab7934ba5a6056ea8b43078e71/sky130A/libs.ref/sky130_fd_sc_hd/lib/sky130_fd_sc_hd__tt_025C_1v80.lib'…
Reading OpenROAD database at '/Users/rein/projects/htax-verify/impl/runs/RUN_2026-05-15_19-07-52/37-openroad-resizertimingpostcts/htax.odb'…
Reading design constraints file at '/Users/rein/projects/librelane/librelane/scripts/base.sdc'…
[INFO] Using clock clk…
[INFO] Setting output delay to: 2.0
[INFO] Setting input delay to: 2.0
[INFO] Setting load to: 0.033442
[INFO] Setting clock uncertainty to: 0.25
[INFO] Setting clock transition to: 0.1499999999999999944488848768742172978818416595458984375
[INFO] Setting timing derate to: 5%
[INFO] Setting signal min routing layer to: met1 and clock min routing layer to met1. 
[INFO] Setting signal max routing layer to: met5 and clock max routing layer to met5. 
+ global_route -congestion_iterations 50 -verbose
[INFO GRT-0020] Min routing layer: met1
[INFO GRT-0021] Max routing layer: met5
[INFO GRT-0022] Global adjustment: 30%
[INFO GRT-0023] Grid origin: (0, 0)
[INFO GRT-0088] Layer li1     Track-Pitch = 0.4600  line-2-Via Pitch: 0.3400
[INFO GRT-0088] Layer met1    Track-Pitch = 0.3400  line-2-Via Pitch: 0.3400
[INFO GRT-0088] Layer met2    Track-Pitch = 0.4600  line-2-Via Pitch: 0.3500
[INFO GRT-0088] Layer met3    Track-Pitch = 0.6800  line-2-Via Pitch: 0.6150
[INFO GRT-0088] Layer met4    Track-Pitch = 0.9200  line-2-Via Pitch: 1.0400
[INFO GRT-0088] Layer met5    Track-Pitch = 3.4000  line-2-Via Pitch: 3.1100
[INFO GRT-0003] Macros: 0
[INFO GRT-0004] Blockages: 564
[INFO GRT-0019] Found 10 clock nets.
[INFO GRT-0001] Minimum degree: 2
[INFO GRT-0002] Maximum degree: 11

[INFO GRT-0053] Routing resources analysis:
          Routing      Original      Derated      Resource
Layer     Direction    Resources     Resources    Reduction (%)
---------------------------------------------------------------
li1        Vertical            0             0          0.00%
met1       Horizontal       1564          1048          32.99%
met2       Vertical         1691          1128          33.29%
met3       Horizontal       1101           752          31.70%
met4       Vertical          840           509          39.40%
met5       Horizontal        198           108          45.45%
---------------------------------------------------------------

[INFO GRT-0101] Running extra iterations to remove overflow.
[INFO GRT-0102] Start extra iteration 1/50
[INFO GRT-0102] Start extra iteration 2/50
[INFO GRT-0102] Start extra iteration 3/50
[INFO GRT-0197] Via related to pin nodes: 1024
[INFO GRT-0198] Via related Steiner nodes: 16
[INFO GRT-0199] Via filling finished.
[INFO GRT-0111] Final number of vias: 1334
[INFO GRT-0112] Final usage 3D: 4733

[INFO GRT-0096] Final congestion report:
Layer         Resource        Demand        Usage (%)    Max H / Max V / Total Overflow
---------------------------------------------------------------------------------------
li1                  0             0            0.00%             0 /  0 /  0
met1              1048           307           29.29%             0 /  0 /  0
met2              1128           344           30.50%             0 /  0 /  0
met3               752            70            9.31%             0 /  0 /  0
met4               509            10            1.96%             0 /  0 /  0
met5               108             0            0.00%             0 /  0 /  0
---------------------------------------------------------------------------------------
Total             3545           731           20.62%             0 /  0 /  0

[INFO GRT-0018] Total wirelength: 8259 um
[INFO GRT-0014] Routed nets: 251
[INFO GRT-0303] Global routing runtime = 00:00:00
Setting global connections for newly added cells…
[INFO] Setting global connections...
[INFO ODB-0403] 0 connections made, 0 conflicts skipped.
Updating metrics…
Cell type report:                       Count       Area
  Fill cell                                46     172.67
  Tap cell                                 50      62.56
  Clock buffer                             16     277.77
  Timing Repair Buffer                    114    1131.08
  Inverter                                  3      11.26
  Sequential cell                          38     998.46
  Multi-Input combinational cell           52     580.56
  Total                                   319    3234.35
Writing OpenROAD database to '/Users/rein/projects/htax-verify/impl/runs/RUN_2026-05-15_19-07-52/39-openroad-globalrouting/htax.odb'…
Writing layout to '/Users/rein/projects/htax-verify/impl/runs/RUN_2026-05-15_19-07-52/39-openroad-globalrouting/htax.def'…
